2024-06-14 15:12:07.553 [warning] /home/user/.ssh/config: ENOENT: no such file or directory, open '/home/user/.ssh/config'
2024-06-14 15:12:07.553 [info] Activation> Extension version: 0.76.1
2024-06-14 15:12:10.064 [info] Looking for git repository
2024-06-14 15:12:10.064 [info] Found 0 repositories during activation
2024-06-14 15:12:10.064 [info] Git repository found, initializing review manager and pr tree view.
2024-06-14 15:12:10.066 [info] Registering git provider
2024-06-14 15:13:56.058 [info] Repository file:///home/user has been opened
2024-06-14 15:13:56.058 [info] Review> Validate state in progress
2024-06-14 15:13:56.058 [info] Review> Validating state...
2024-06-14 15:13:56.062 [warning] No remotes found. The following remotes are missing: origin, upstream
2024-06-14 15:13:56.062 [info] No GitHub remotes found for folder /home/user
2024-06-14 15:13:56.064 [info] Trying to use globalState for assignableUsers.
2024-06-14 15:13:56.169 [info] Review> Queuing additional validate state
2024-06-14 15:13:56.170 [info] Repo state for file:///home/user changed.
2024-06-14 15:13:56.170 [info] Repo file:///home/user has already been setup.
2024-06-14 15:13:56.418 [info] GlobalState does not exist for assignableUsers.
2024-06-14 15:13:57.418 [info] Review> Validating state...
2024-06-14 15:13:57.418 [warning] No remotes found. The following remotes are missing: origin, upstream
2024-06-14 15:13:57.418 [info] No GitHub remotes found for folder /home/user
2024-06-14 15:13:57.419 [info] Using in-memory cached assignable users.
2024-06-14 15:13:57.525 [info] Review> No matching pull request metadata found locally for current branch master
2024-06-14 15:13:57.603 [info] Review> Failed to get upstream for branch master from git config.
2024-06-14 15:13:57.604 [info] Review> No matching pull request metadata found on GitHub for current branch master
