2024-06-14 14:44:58.835 [info] Extension host with pid 1060 started
2024-06-14 14:44:58.906 [info] Lock '/home/user/.codeoss-cloudworkstations/data/User/workspaceStorage/1a81839/vscode.lock': Lock acquired.
2024-06-14 14:44:59.132 [info] ExtensionService#_doActivateExtension vscode.css-language-features, startup: false, activationEvent: 'onLanguage:css'
2024-06-14 14:44:59.133 [info] ExtensionService#_doActivateExtension vscode.emmet, startup: false, activationEvent: 'onLanguage'
2024-06-14 14:45:00.136 [info] ExtensionService#_doActivateExtension vscode.git-base, startup: true, activationEvent: '*', root cause: vscode.git
2024-06-14 14:45:00.139 [info] ExtensionService#_doActivateExtension vscode.npm, startup: true, activationEvent: 'workspaceContains:package.json'
2024-06-14 14:45:00.347 [error] No bundle location found for extension vscode.css-language-features
2024-06-14 14:45:00.347 [error] No bundle location found for extension vscode.emmet
2024-06-14 14:45:00.447 [warning] Using default string since no string found in i18n bundle that has the key: CSS Language Server
2024-06-14 14:45:02.639 [error] No bundle location found for extension vscode.git-base
2024-06-14 14:45:02.643 [info] ExtensionService#_doActivateExtension vscode.git, startup: true, activationEvent: '*'
2024-06-14 14:45:02.643 [info] ExtensionService#_doActivateExtension vscode.github, startup: true, activationEvent: '*'
2024-06-14 14:45:02.902 [error] No bundle location found for extension vscode.npm
2024-06-14 14:45:03.668 [error] No bundle location found for extension vscode.github
2024-06-14 14:45:03.714 [warning] Using default string since no string found in i18n bundle that has the key: Log level: {0}
2024-06-14 14:45:03.730 [error] No bundle location found for extension vscode.git
2024-06-14 14:45:03.831 [warning] Using default string since no string found in i18n bundle that has the key: Log level: {0}
2024-06-14 14:45:03.834 [warning] Using default string since no string found in i18n bundle that has the key: Validating found git in: "{0}"
2024-06-14 14:45:03.849 [warning] Using default string since no string found in i18n bundle that has the key: Enables the following features: {0}
2024-06-14 14:45:03.849 [warning] Using default string since no string found in i18n bundle that has the key: Using git "{0}" from "{1}"
2024-06-14 14:45:03.859 [warning] Using default string since no string found in i18n bundle that has the key: Git History
2024-06-14 14:45:03.864 [warning] Using default string since no string found in i18n bundle that has the key: Copy vscode.dev Link
2024-06-14 14:45:03.865 [info] Eager extensions activated
2024-06-14 14:45:03.865 [info] ExtensionService#_doActivateExtension vscode.debug-auto-launch, startup: false, activationEvent: 'onStartupFinished'
2024-06-14 14:45:03.866 [info] ExtensionService#_doActivateExtension google.cloud-workstations, startup: false, activationEvent: 'onStartupFinished'
2024-06-14 14:45:03.867 [info] ExtensionService#_doActivateExtension vscode.merge-conflict, startup: false, activationEvent: 'onStartupFinished'
2024-06-14 14:45:03.867 [info] ExtensionService#_doActivateExtension google.monospace, startup: false, activationEvent: 'onStartupFinished'
2024-06-14 14:45:03.868 [info] ExtensionService#_doActivateExtension google.monospace-aida, startup: false, activationEvent: 'onStartupFinished'
2024-06-14 14:45:04.818 [error] No bundle location found for extension vscode.merge-conflict
2024-06-14 14:45:04.852 [warning] Using default string since no string found in i18n bundle that has the key: (Current Change)
2024-06-14 14:45:04.853 [warning] Using default string since no string found in i18n bundle that has the key: (Incoming Change)
2024-06-14 14:45:05.088 [error] No bundle location found for extension vscode.debug-auto-launch
2024-06-14 14:45:05.088 [error] No bundle location found for extension google.monospace
2024-06-14 14:45:05.090 [warning] Using default string since no string found in i18n bundle that has the key: Auto Attach: Disabled
2024-06-14 14:45:05.090 [warning] Using default string since no string found in i18n bundle that has the key: Auto Attach: Always
2024-06-14 14:45:05.090 [warning] Using default string since no string found in i18n bundle that has the key: Auto Attach: Smart
2024-06-14 14:45:05.090 [warning] Using default string since no string found in i18n bundle that has the key: Auto Attach: With Flag
2024-06-14 14:45:05.091 [warning] Using default string since no string found in i18n bundle that has the key: Disabled
2024-06-14 14:45:05.091 [warning] Using default string since no string found in i18n bundle that has the key: Always
2024-06-14 14:45:05.091 [warning] Using default string since no string found in i18n bundle that has the key: Smart
2024-06-14 14:45:05.091 [warning] Using default string since no string found in i18n bundle that has the key: Only With Flag
2024-06-14 14:45:05.091 [warning] Using default string since no string found in i18n bundle that has the key: Auto attach is disabled and not shown in status bar
2024-06-14 14:45:05.091 [warning] Using default string since no string found in i18n bundle that has the key: Auto attach to every Node.js process launched in the terminal
2024-06-14 14:45:05.091 [warning] Using default string since no string found in i18n bundle that has the key: Auto attach when running scripts that aren't in a node_modules folder
2024-06-14 14:45:05.091 [warning] Using default string since no string found in i18n bundle that has the key: Only auto attach when the `--inspect` flag is given
2024-06-14 14:45:05.091 [warning] Using default string since no string found in i18n bundle that has the key: Toggle auto attach in this workspace
2024-06-14 14:45:05.091 [warning] Using default string since no string found in i18n bundle that has the key: Toggle auto attach on this machine
2024-06-14 14:45:05.091 [warning] Using default string since no string found in i18n bundle that has the key: Temporarily disable auto attach in this session
2024-06-14 14:45:05.091 [warning] Using default string since no string found in i18n bundle that has the key: Re-enable auto attach
2024-06-14 14:45:05.091 [warning] Using default string since no string found in i18n bundle that has the key: Auto Attach: Disabled
2024-06-14 14:45:06.345 [error] No bundle location found for extension google.cloud-workstations
2024-06-14 14:45:06.345 [error] No bundle location found for extension google.monospace-aida
2024-06-14 14:45:06.764 [info] ExtensionService#_doActivateExtension undefined_publisher.nix-language, startup: false, activationEvent: 'onLanguage:nix'
2024-06-14 14:45:08.417 [error] No bundle location found for extension undefined_publisher.nix-language
2024-06-14 14:45:12.320 [error] Error: Rpc timed out
	at Timeout.<anonymous> (/opt/code-oss/extensions/monospace/dist/extension.js:2:12897312)
	at listOnTimeout (node:internal/timers:569:17)
	at process.processTimers (node:internal/timers:512:7)
2024-06-14 14:45:12.497 [error] Error: Rpc timed out
	at Timeout.<anonymous> (/opt/code-oss/extensions/monospace/dist/extension.js:2:12897312)
	at listOnTimeout (node:internal/timers:569:17)
	at process.processTimers (node:internal/timers:512:7)
2024-06-14 14:45:12.770 [error] Error: Rpc timed out
	at Timeout.<anonymous> (/opt/code-oss/extensions/monospace/dist/extension.js:2:12895957)
	at listOnTimeout (node:internal/timers:569:17)
	at process.processTimers (node:internal/timers:512:7)
2024-06-14 14:45:15.606 [error] Error: Rpc timed out
	at Timeout.<anonymous> (/opt/code-oss/extensions/monospace/dist/extension.js:2:12894707)
	at listOnTimeout (node:internal/timers:569:17)
	at process.processTimers (node:internal/timers:512:7)
2024-06-14 14:45:17.234 [info] ExtensionService#_doActivateExtension vscode.typescript-language-features, startup: false, activationEvent: 'onLanguage:javascript'
2024-06-14 14:45:19.446 [error] Error: Rpc timed out
	at Timeout.<anonymous> (/opt/code-oss/extensions/monospace/dist/extension.js:2:12894707)
	at listOnTimeout (node:internal/timers:569:17)
	at process.processTimers (node:internal/timers:512:7)
2024-06-14 14:45:19.599 [error] No bundle location found for extension vscode.typescript-language-features
2024-06-14 14:45:19.677 [warning] Using default string since no string found in i18n bundle that has the key: Learn more about managing TypeScript versions
2024-06-14 14:45:19.721 [warning] Using default string since no string found in i18n bundle that has the key: TypeScript Version
2024-06-14 14:45:19.721 [warning] Using default string since no string found in i18n bundle that has the key: TypeScript Version
2024-06-14 14:45:19.722 [warning] Using default string since no string found in i18n bundle that has the key: TypeScript: Configure Excludes
2024-06-14 14:45:19.764 [warning] Using default string since no string found in i18n bundle that has the key: Select Version
2024-06-14 14:45:19.786 [warning] Using default string since no string found in i18n bundle that has the key: JS/TS IntelliSense Status
2024-06-14 14:45:19.786 [warning] Using default string since no string found in i18n bundle that has the key: Loading IntelliSense status
2024-06-14 14:45:19.799 [warning] Using default string since no string found in i18n bundle that has the key: Could not determine references
2024-06-14 14:45:19.807 [warning] Using default string since no string found in i18n bundle that has the key: Enables semantic checking in a JavaScript file. Must be at the top of a file.
2024-06-14 14:45:19.807 [warning] Using default string since no string found in i18n bundle that has the key: Disables semantic checking in a JavaScript file. Must be at the top of a file.
2024-06-14 14:45:19.807 [warning] Using default string since no string found in i18n bundle that has the key: Suppresses @ts-check errors on the next line of a file.
2024-06-14 14:45:19.807 [warning] Using default string since no string found in i18n bundle that has the key: Suppresses @ts-check errors on the next line of a file, expecting at least one to exist.
2024-06-14 14:45:19.838 [warning] Using default string since no string found in i18n bundle that has the key: Organize Imports
2024-06-14 14:45:19.838 [warning] Using default string since no string found in i18n bundle that has the key: Sort Imports
2024-06-14 14:45:19.838 [warning] Using default string since no string found in i18n bundle that has the key: Remove Unused Imports
2024-06-14 14:45:19.846 [warning] Using default string since no string found in i18n bundle that has the key: Learn more about JS/TS refactorings
2024-06-14 14:45:23.400 [warning] Using default string since no string found in i18n bundle that has the key: No jsconfig
2024-06-14 14:45:23.401 [warning] Using default string since no string found in i18n bundle that has the key: Configure jsconfig
2024-06-14 14:45:24.460 [error] Error: Rpc timed out
	at Timeout.<anonymous> (/opt/code-oss/extensions/monospace/dist/extension.js:2:12894707)
	at listOnTimeout (node:internal/timers:569:17)
	at process.processTimers (node:internal/timers:512:7)
2024-06-14 14:45:24.748 [warning] Using default string since no string found in i18n bundle that has the key: Fetching data for better TypeScript IntelliSense
2024-06-14 14:45:26.703 [warning] Using default string since no string found in i18n bundle that has the key: Fetching data for better TypeScript IntelliSense
2024-06-14 14:45:29.473 [error] Error: Rpc timed out
	at Timeout.<anonymous> (/opt/code-oss/extensions/monospace/dist/extension.js:2:12894707)
	at listOnTimeout (node:internal/timers:569:17)
	at process.processTimers (node:internal/timers:512:7)
2024-06-14 14:45:34.454 [error] Error: Rpc timed out
	at Timeout.<anonymous> (/opt/code-oss/extensions/monospace/dist/extension.js:2:12894707)
	at listOnTimeout (node:internal/timers:569:17)
	at process.processTimers (node:internal/timers:512:7)
2024-06-14 14:45:39.448 [error] Error: Rpc timed out
	at Timeout.<anonymous> (/opt/code-oss/extensions/monospace/dist/extension.js:2:12894707)
	at listOnTimeout (node:internal/timers:569:17)
	at process.processTimers (node:internal/timers:512:7)
2024-06-14 14:45:44.426 [error] Error: Rpc timed out
	at Timeout.<anonymous> (/opt/code-oss/extensions/monospace/dist/extension.js:2:12894707)
	at listOnTimeout (node:internal/timers:569:17)
	at process.processTimers (node:internal/timers:512:7)
2024-06-14 14:45:49.437 [error] Error: Rpc timed out
	at Timeout.<anonymous> (/opt/code-oss/extensions/monospace/dist/extension.js:2:12894707)
	at listOnTimeout (node:internal/timers:569:17)
	at process.processTimers (node:internal/timers:512:7)
2024-06-14 14:45:51.360 [warning] Using default string since no string found in i18n bundle that has the key: JS/TS IntelliSense Status
2024-06-14 14:45:51.361 [warning] Using default string since no string found in i18n bundle that has the key: Loading IntelliSense status
2024-06-14 14:45:51.460 [warning] Using default string since no string found in i18n bundle that has the key: No jsconfig
2024-06-14 14:45:51.461 [warning] Using default string since no string found in i18n bundle that has the key: Configure jsconfig
2024-06-14 14:45:54.437 [error] Error: Rpc timed out
	at Timeout.<anonymous> (/opt/code-oss/extensions/monospace/dist/extension.js:2:12894707)
	at listOnTimeout (node:internal/timers:569:17)
	at process.processTimers (node:internal/timers:512:7)
2024-06-14 14:45:59.438 [error] Error: Rpc timed out
	at Timeout.<anonymous> (/opt/code-oss/extensions/monospace/dist/extension.js:2:12894707)
	at listOnTimeout (node:internal/timers:569:17)
	at process.processTimers (node:internal/timers:512:7)
2024-06-14 14:46:04.447 [error] Error: Rpc timed out
	at Timeout.<anonymous> (/opt/code-oss/extensions/monospace/dist/extension.js:2:12894707)
	at listOnTimeout (node:internal/timers:569:17)
	at process.processTimers (node:internal/timers:512:7)
2024-06-14 14:46:09.461 [error] Error: Rpc timed out
	at Timeout.<anonymous> (/opt/code-oss/extensions/monospace/dist/extension.js:2:12894707)
	at listOnTimeout (node:internal/timers:569:17)
	at process.processTimers (node:internal/timers:512:7)
2024-06-14 14:46:15.334 [error] Error: Rpc timed out
	at Timeout.<anonymous> (/opt/code-oss/extensions/monospace/dist/extension.js:2:12894707)
	at listOnTimeout (node:internal/timers:569:17)
	at process.processTimers (node:internal/timers:512:7)
2024-06-14 14:46:20.319 [error] Error: Rpc timed out
	at Timeout.<anonymous> (/opt/code-oss/extensions/monospace/dist/extension.js:2:12894707)
	at listOnTimeout (node:internal/timers:569:17)
	at process.processTimers (node:internal/timers:512:7)
2024-06-14 14:46:25.326 [error] Error: Rpc timed out
	at Timeout.<anonymous> (/opt/code-oss/extensions/monospace/dist/extension.js:2:12894707)
	at listOnTimeout (node:internal/timers:569:17)
	at process.processTimers (node:internal/timers:512:7)
2024-06-14 14:46:30.300 [error] Error: Rpc timed out
	at Timeout.<anonymous> (/opt/code-oss/extensions/monospace/dist/extension.js:2:12894707)
	at listOnTimeout (node:internal/timers:569:17)
	at process.processTimers (node:internal/timers:512:7)
2024-06-14 14:46:35.319 [error] Error: Rpc timed out
	at Timeout.<anonymous> (/opt/code-oss/extensions/monospace/dist/extension.js:2:12894707)
	at listOnTimeout (node:internal/timers:569:17)
	at process.processTimers (node:internal/timers:512:7)
2024-06-14 14:46:40.327 [error] Error: Rpc timed out
	at Timeout.<anonymous> (/opt/code-oss/extensions/monospace/dist/extension.js:2:12894707)
	at listOnTimeout (node:internal/timers:569:17)
	at process.processTimers (node:internal/timers:512:7)
2024-06-14 14:46:45.335 [error] Error: Rpc timed out
	at Timeout.<anonymous> (/opt/code-oss/extensions/monospace/dist/extension.js:2:12894707)
	at listOnTimeout (node:internal/timers:569:17)
	at process.processTimers (node:internal/timers:512:7)
2024-06-14 14:46:50.320 [error] Error: Rpc timed out
	at Timeout.<anonymous> (/opt/code-oss/extensions/monospace/dist/extension.js:2:12894707)
	at listOnTimeout (node:internal/timers:569:17)
	at process.processTimers (node:internal/timers:512:7)
2024-06-14 14:46:55.328 [error] Error: Rpc timed out
	at Timeout.<anonymous> (/opt/code-oss/extensions/monospace/dist/extension.js:2:12894707)
	at listOnTimeout (node:internal/timers:569:17)
	at process.processTimers (node:internal/timers:512:7)
2024-06-14 14:47:00.317 [error] Error: Rpc timed out
	at Timeout.<anonymous> (/opt/code-oss/extensions/monospace/dist/extension.js:2:12894707)
	at listOnTimeout (node:internal/timers:569:17)
	at process.processTimers (node:internal/timers:512:7)
2024-06-14 14:47:05.318 [error] Error: Rpc timed out
	at Timeout.<anonymous> (/opt/code-oss/extensions/monospace/dist/extension.js:2:12894707)
	at listOnTimeout (node:internal/timers:569:17)
	at process.processTimers (node:internal/timers:512:7)
2024-06-14 14:47:10.318 [error] Error: Rpc timed out
	at Timeout.<anonymous> (/opt/code-oss/extensions/monospace/dist/extension.js:2:12894707)
	at listOnTimeout (node:internal/timers:569:17)
	at process.processTimers (node:internal/timers:512:7)
2024-06-14 14:48:05.941 [error] Error: Rpc timed out
	at Timeout.<anonymous> (/opt/code-oss/extensions/monospace/dist/extension.js:2:12895957)
	at listOnTimeout (node:internal/timers:569:17)
	at process.processTimers (node:internal/timers:512:7)
2024-06-14 14:48:06.076 [error] Error: Rpc timed out
	at Timeout.<anonymous> (/opt/code-oss/extensions/monospace/dist/extension.js:2:12895957)
	at listOnTimeout (node:internal/timers:569:17)
	at process.processTimers (node:internal/timers:512:7)
2024-06-14 14:48:09.447 [error] Error: Rpc timed out
	at Timeout.<anonymous> (/opt/code-oss/extensions/monospace/dist/extension.js:2:12894707)
	at listOnTimeout (node:internal/timers:569:17)
	at process.processTimers (node:internal/timers:512:7)
2024-06-14 14:48:14.425 [error] Error: Rpc timed out
	at Timeout.<anonymous> (/opt/code-oss/extensions/monospace/dist/extension.js:2:12894707)
	at listOnTimeout (node:internal/timers:569:17)
	at process.processTimers (node:internal/timers:512:7)
2024-06-14 14:48:19.484 [error] Error: Rpc timed out
	at Timeout.<anonymous> (/opt/code-oss/extensions/monospace/dist/extension.js:2:12894707)
	at listOnTimeout (node:internal/timers:569:17)
	at process.processTimers (node:internal/timers:512:7)
2024-06-14 14:48:23.700 [info] ExtensionService#_doActivateExtension vscode.media-preview, startup: false, activationEvent: 'onCustomEditor:imagePreview.previewEditor'
2024-06-14 14:48:24.436 [error] Error: Rpc timed out
	at Timeout.<anonymous> (/opt/code-oss/extensions/monospace/dist/extension.js:2:12894707)
	at listOnTimeout (node:internal/timers:569:17)
	at process.processTimers (node:internal/timers:512:7)
2024-06-14 14:48:24.836 [error] No bundle location found for extension vscode.media-preview
2024-06-14 14:48:24.843 [warning] Using default string since no string found in i18n bundle that has the key: Image Binary Size
2024-06-14 14:48:24.843 [warning] Using default string since no string found in i18n bundle that has the key: Image Size
2024-06-14 14:48:24.844 [warning] Using default string since no string found in i18n bundle that has the key: Image Zoom
2024-06-14 14:48:25.138 [warning] Using default string since no string found in i18n bundle that has the key: Whole Image
2024-06-14 14:48:25.139 [warning] Using default string since no string found in i18n bundle that has the key: An error occurred while loading the image.
2024-06-14 14:48:25.139 [warning] Using default string since no string found in i18n bundle that has the key: Open file using Code OSS's standard text/binary editor?
2024-06-14 14:48:25.339 [warning] Using default string since no string found in i18n bundle that has the key: {0}KB
2024-06-14 14:48:25.339 [warning] Using default string since no string found in i18n bundle that has the key: Whole Image
2024-06-14 14:48:26.417 [warning] Using default string since no string found in i18n bundle that has the key: {0}KB
2024-06-14 14:48:26.417 [warning] Using default string since no string found in i18n bundle that has the key: Whole Image
2024-06-14 14:48:26.484 [warning] Using default string since no string found in i18n bundle that has the key: {0}KB
2024-06-14 14:48:26.485 [warning] Using default string since no string found in i18n bundle that has the key: Whole Image
2024-06-14 14:48:29.427 [error] Error: Rpc timed out
	at Timeout.<anonymous> (/opt/code-oss/extensions/monospace/dist/extension.js:2:12894707)
	at listOnTimeout (node:internal/timers:569:17)
	at process.processTimers (node:internal/timers:512:7)
2024-06-14 14:48:34.570 [error] Error: Rpc timed out
	at Timeout.<anonymous> (/opt/code-oss/extensions/monospace/dist/extension.js:2:12894707)
	at listOnTimeout (node:internal/timers:569:17)
	at process.processTimers (node:internal/timers:512:7)
2024-06-14 14:48:39.436 [error] Error: Rpc timed out
	at Timeout.<anonymous> (/opt/code-oss/extensions/monospace/dist/extension.js:2:12894707)
	at listOnTimeout (node:internal/timers:569:17)
	at process.processTimers (node:internal/timers:512:7)
2024-06-14 14:48:44.440 [error] Error: Rpc timed out
	at Timeout.<anonymous> (/opt/code-oss/extensions/monospace/dist/extension.js:2:12894707)
	at listOnTimeout (node:internal/timers:569:17)
	at process.processTimers (node:internal/timers:512:7)
2024-06-14 14:48:49.446 [error] Error: Rpc timed out
	at Timeout.<anonymous> (/opt/code-oss/extensions/monospace/dist/extension.js:2:12894707)
	at listOnTimeout (node:internal/timers:569:17)
	at process.processTimers (node:internal/timers:512:7)
2024-06-14 14:48:54.447 [error] Error: Rpc timed out
	at Timeout.<anonymous> (/opt/code-oss/extensions/monospace/dist/extension.js:2:12894707)
	at listOnTimeout (node:internal/timers:569:17)
	at process.processTimers (node:internal/timers:512:7)
2024-06-14 14:48:59.427 [error] Error: Rpc timed out
	at Timeout.<anonymous> (/opt/code-oss/extensions/monospace/dist/extension.js:2:12894707)
	at listOnTimeout (node:internal/timers:569:17)
	at process.processTimers (node:internal/timers:512:7)
2024-06-14 14:49:04.448 [error] Error: Rpc timed out
	at Timeout.<anonymous> (/opt/code-oss/extensions/monospace/dist/extension.js:2:12894707)
	at listOnTimeout (node:internal/timers:569:17)
	at process.processTimers (node:internal/timers:512:7)
2024-06-14 14:49:07.970 [info] ExtensionService#_doActivateExtension vscode.extension-editing, startup: false, activationEvent: 'onLanguage:json'
2024-06-14 14:49:07.971 [info] ExtensionService#_doActivateExtension vscode.json-language-features, startup: false, activationEvent: 'onLanguage:json'
2024-06-14 14:49:08.268 [warning] Using default string since no string found in i18n bundle that has the key: Debug
2024-06-14 14:49:09.070 [error] No bundle location found for extension vscode.json-language-features
2024-06-14 14:49:09.148 [warning] Using default string since no string found in i18n bundle that has the key: Configure
2024-06-14 14:49:09.149 [warning] Using default string since no string found in i18n bundle that has the key: JSON Language Server
2024-06-14 14:49:09.159 [warning] Using default string since no string found in i18n bundle that has the key: JSON: Schema Resolution Error
2024-06-14 14:49:09.342 [warning] Using default string since no string found in i18n bundle that has the key: Unable to resolve schema. Click to retry.
2024-06-14 14:49:09.342 [warning] Using default string since no string found in i18n bundle that has the key: JSON Validation Status
2024-06-14 14:49:09.343 [warning] Using default string since no string found in i18n bundle that has the key: Loading JSON info
2024-06-14 14:49:09.404 [warning] Using default string since no string found in i18n bundle that has the key: Schema Validated
2024-06-14 14:49:09.404 [warning] Using default string since no string found in i18n bundle that has the key: multiple JSON schemas configured
2024-06-14 14:49:09.404 [warning] Using default string since no string found in i18n bundle that has the key: Show Schemas
2024-06-14 14:49:09.427 [error] Error: Rpc timed out
	at Timeout.<anonymous> (/opt/code-oss/extensions/monospace/dist/extension.js:2:12894707)
	at listOnTimeout (node:internal/timers:569:17)
	at process.processTimers (node:internal/timers:512:7)
2024-06-14 14:49:12.663 [error] No bundle location found for extension vscode.extension-editing
2024-06-14 14:49:12.689 [warning] Using default string since no string found in i18n bundle that has the key: This activation event cannot be explicitly listed by your extension.
2024-06-14 14:49:12.689 [warning] Using default string since no string found in i18n bundle that has the key: This activation event can be removed as Code OSS generates these automatically from your package.json contribution declarations.
2024-06-14 14:49:12.690 [warning] Using default string since no string found in i18n bundle that has the key: Images must use the HTTPS protocol.
2024-06-14 14:49:12.690 [warning] Using default string since no string found in i18n bundle that has the key: SVGs are not a valid image source.
2024-06-14 14:49:12.690 [warning] Using default string since no string found in i18n bundle that has the key: Embedded SVGs are not a valid image source.
2024-06-14 14:49:12.690 [warning] Using default string since no string found in i18n bundle that has the key: Data URLs are not a valid image source.
2024-06-14 14:49:12.690 [warning] Using default string since no string found in i18n bundle that has the key: Relative image URLs require a repository with HTTPS protocol to be specified in the package.json.
2024-06-14 14:49:12.691 [warning] Using default string since no string found in i18n bundle that has the key: Relative badge URLs require a repository with HTTPS protocol to be specified in this package.json.
2024-06-14 14:49:12.691 [warning] Using default string since no string found in i18n bundle that has the key: This proposal cannot be used because for this extension the product defines a fixed set of API proposals. You can test your extension but before publishing you MUST reach out to the Code OSS team.
2024-06-14 14:49:12.691 [warning] Using default string since no string found in i18n bundle that has the key: This activation event can be removed for extensions targeting engine version ^1.75 as Code OSS will generate these automatically from your package.json contribution declarations.
2024-06-14 14:49:12.691 [warning] Using default string since no string found in i18n bundle that has the key: Using '*' activation is usually a bad idea as it impacts performance.
2024-06-14 14:49:12.691 [warning] Using default string since no string found in i18n bundle that has the key: Error parsing the when-clause:
2024-06-14 14:49:14.479 [error] Error: Rpc timed out
	at Timeout.<anonymous> (/opt/code-oss/extensions/monospace/dist/extension.js:2:12894707)
	at listOnTimeout (node:internal/timers:569:17)
	at process.processTimers (node:internal/timers:512:7)
2024-06-14 14:49:16.796 [warning] Using default string since no string found in i18n bundle that has the key: Unable to compute used schemas: No document
2024-06-14 14:49:17.243 [warning] Using default string since no string found in i18n bundle that has the key: Loading JSON info
2024-06-14 14:49:17.271 [warning] Using default string since no string found in i18n bundle that has the key: No Schema Validation
2024-06-14 14:49:17.271 [warning] Using default string since no string found in i18n bundle that has the key: no JSON schema configured
2024-06-14 14:49:17.271 [warning] Using default string since no string found in i18n bundle that has the key: Show Schemas
2024-06-14 14:49:17.444 [warning] Using default string since no string found in i18n bundle that has the key: Unable to compute used schemas: No document
2024-06-14 14:49:17.741 [warning] Using default string since no string found in i18n bundle that has the key: Loading JSON info
2024-06-14 14:49:17.784 [warning] Using default string since no string found in i18n bundle that has the key: Schema Validated
2024-06-14 14:49:17.784 [warning] Using default string since no string found in i18n bundle that has the key: multiple JSON schemas configured
2024-06-14 14:49:17.784 [warning] Using default string since no string found in i18n bundle that has the key: Show Schemas
2024-06-14 14:49:18.103 [warning] Using default string since no string found in i18n bundle that has the key: Debug
2024-06-14 14:49:18.467 [warning] Using default string since no string found in i18n bundle that has the key: Unable to compute used schemas: No document
2024-06-14 14:49:18.858 [warning] Using default string since no string found in i18n bundle that has the key: Loading JSON info
2024-06-14 14:49:18.884 [warning] Using default string since no string found in i18n bundle that has the key: No Schema Validation
2024-06-14 14:49:18.884 [warning] Using default string since no string found in i18n bundle that has the key: no JSON schema configured
2024-06-14 14:49:18.884 [warning] Using default string since no string found in i18n bundle that has the key: Show Schemas
2024-06-14 14:49:19.593 [error] Error: Rpc timed out
	at Timeout.<anonymous> (/opt/code-oss/extensions/monospace/dist/extension.js:2:12894707)
	at listOnTimeout (node:internal/timers:569:17)
	at process.processTimers (node:internal/timers:512:7)
2024-06-14 14:49:24.324 [warning] Using default string since no string found in i18n bundle that has the key: Unable to compute used schemas: No document
2024-06-14 14:49:24.327 [warning] Using default string since no string found in i18n bundle that has the key: JS/TS IntelliSense Status
2024-06-14 14:49:24.327 [warning] Using default string since no string found in i18n bundle that has the key: Loading IntelliSense status
2024-06-14 14:49:24.328 [warning] Using default string since no string found in i18n bundle that has the key: Loading JSON info
2024-06-14 14:49:24.347 [warning] Using default string since no string found in i18n bundle that has the key: No Schema Validation
2024-06-14 14:49:24.347 [warning] Using default string since no string found in i18n bundle that has the key: no JSON schema configured
2024-06-14 14:49:24.347 [warning] Using default string since no string found in i18n bundle that has the key: Show Schemas
2024-06-14 14:49:24.349 [warning] Using default string since no string found in i18n bundle that has the key: No jsconfig
2024-06-14 14:49:24.349 [warning] Using default string since no string found in i18n bundle that has the key: Configure jsconfig
2024-06-14 14:49:24.475 [error] Error: Rpc timed out
	at Timeout.<anonymous> (/opt/code-oss/extensions/monospace/dist/extension.js:2:12894707)
	at listOnTimeout (node:internal/timers:569:17)
	at process.processTimers (node:internal/timers:512:7)
2024-06-14 14:49:29.419 [error] Error: Rpc timed out
	at Timeout.<anonymous> (/opt/code-oss/extensions/monospace/dist/extension.js:2:12894707)
	at listOnTimeout (node:internal/timers:569:17)
	at process.processTimers (node:internal/timers:512:7)
2024-06-14 14:49:32.895 [warning] Using default string since no string found in i18n bundle that has the key: Unable to compute used schemas: No document
2024-06-14 14:49:33.138 [warning] Using default string since no string found in i18n bundle that has the key: Loading JSON info
2024-06-14 14:49:33.139 [info] ExtensionService#_doActivateExtension vscode.html-language-features, startup: false, activationEvent: 'onLanguage:html'
2024-06-14 14:49:33.154 [warning] Using default string since no string found in i18n bundle that has the key: No Schema Validation
2024-06-14 14:49:33.154 [warning] Using default string since no string found in i18n bundle that has the key: no JSON schema configured
2024-06-14 14:49:33.154 [warning] Using default string since no string found in i18n bundle that has the key: Show Schemas
2024-06-14 14:49:34.437 [error] Error: Rpc timed out
	at Timeout.<anonymous> (/opt/code-oss/extensions/monospace/dist/extension.js:2:12894707)
	at listOnTimeout (node:internal/timers:569:17)
	at process.processTimers (node:internal/timers:512:7)
2024-06-14 14:49:35.162 [error] No bundle location found for extension vscode.html-language-features
2024-06-14 14:49:35.237 [warning] Using default string since no string found in i18n bundle that has the key: HTML Language Server
2024-06-14 14:49:39.332 [warning] Using default string since no string found in i18n bundle that has the key: Unable to compute used schemas: No document
2024-06-14 14:49:39.431 [error] Error: Rpc timed out
	at Timeout.<anonymous> (/opt/code-oss/extensions/monospace/dist/extension.js:2:12894707)
	at listOnTimeout (node:internal/timers:569:17)
	at process.processTimers (node:internal/timers:512:7)
2024-06-14 14:49:39.504 [warning] Using default string since no string found in i18n bundle that has the key: JS/TS IntelliSense Status
2024-06-14 14:49:39.504 [warning] Using default string since no string found in i18n bundle that has the key: Loading IntelliSense status
2024-06-14 14:49:39.505 [warning] Using default string since no string found in i18n bundle that has the key: Loading JSON info
2024-06-14 14:49:39.547 [warning] Using default string since no string found in i18n bundle that has the key: No Schema Validation
2024-06-14 14:49:39.547 [warning] Using default string since no string found in i18n bundle that has the key: no JSON schema configured
2024-06-14 14:49:39.547 [warning] Using default string since no string found in i18n bundle that has the key: Show Schemas
2024-06-14 14:49:39.550 [warning] Using default string since no string found in i18n bundle that has the key: No jsconfig
2024-06-14 14:49:39.550 [warning] Using default string since no string found in i18n bundle that has the key: Configure jsconfig
2024-06-14 14:49:44.428 [error] Error: Rpc timed out
	at Timeout.<anonymous> (/opt/code-oss/extensions/monospace/dist/extension.js:2:12894707)
	at listOnTimeout (node:internal/timers:569:17)
	at process.processTimers (node:internal/timers:512:7)
2024-06-14 14:49:47.430 [warning] Using default string since no string found in i18n bundle that has the key: Unable to compute used schemas: No document
2024-06-14 14:49:47.586 [warning] Using default string since no string found in i18n bundle that has the key: Loading JSON info
2024-06-14 14:49:47.603 [warning] Using default string since no string found in i18n bundle that has the key: No Schema Validation
2024-06-14 14:49:47.603 [warning] Using default string since no string found in i18n bundle that has the key: no JSON schema configured
2024-06-14 14:49:47.604 [warning] Using default string since no string found in i18n bundle that has the key: Show Schemas
2024-06-14 14:49:49.425 [error] Error: Rpc timed out
	at Timeout.<anonymous> (/opt/code-oss/extensions/monospace/dist/extension.js:2:12894707)
	at listOnTimeout (node:internal/timers:569:17)
	at process.processTimers (node:internal/timers:512:7)
2024-06-14 14:49:54.439 [error] Error: Rpc timed out
	at Timeout.<anonymous> (/opt/code-oss/extensions/monospace/dist/extension.js:2:12894707)
	at listOnTimeout (node:internal/timers:569:17)
	at process.processTimers (node:internal/timers:512:7)
2024-06-14 14:49:57.408 [warning] Using default string since no string found in i18n bundle that has the key: Unable to compute used schemas: No document
2024-06-14 14:49:57.524 [warning] Using default string since no string found in i18n bundle that has the key: Whole Image
2024-06-14 14:49:57.524 [warning] Using default string since no string found in i18n bundle that has the key: An error occurred while loading the image.
2024-06-14 14:49:57.524 [warning] Using default string since no string found in i18n bundle that has the key: Open file using Code OSS's standard text/binary editor?
2024-06-14 14:49:57.696 [warning] Using default string since no string found in i18n bundle that has the key: {0}KB
2024-06-14 14:49:57.696 [warning] Using default string since no string found in i18n bundle that has the key: Whole Image
2024-06-14 14:49:58.767 [warning] Using default string since no string found in i18n bundle that has the key: {0}KB
2024-06-14 14:49:58.767 [warning] Using default string since no string found in i18n bundle that has the key: Whole Image
2024-06-14 14:49:58.767 [warning] Using default string since no string found in i18n bundle that has the key: {0}KB
2024-06-14 14:49:58.767 [warning] Using default string since no string found in i18n bundle that has the key: Whole Image
2024-06-14 14:49:59.437 [error] Error: Rpc timed out
	at Timeout.<anonymous> (/opt/code-oss/extensions/monospace/dist/extension.js:2:12894707)
	at listOnTimeout (node:internal/timers:569:17)
	at process.processTimers (node:internal/timers:512:7)
2024-06-14 14:50:01.430 [warning] Using default string since no string found in i18n bundle that has the key: Whole Image
2024-06-14 14:50:01.431 [warning] Using default string since no string found in i18n bundle that has the key: An error occurred while loading the image.
2024-06-14 14:50:01.431 [warning] Using default string since no string found in i18n bundle that has the key: Open file using Code OSS's standard text/binary editor?
2024-06-14 14:50:01.577 [warning] Using default string since no string found in i18n bundle that has the key: {0}KB
2024-06-14 14:50:01.577 [warning] Using default string since no string found in i18n bundle that has the key: Whole Image
2024-06-14 14:50:02.406 [warning] Using default string since no string found in i18n bundle that has the key: {0}KB
2024-06-14 14:50:02.407 [warning] Using default string since no string found in i18n bundle that has the key: Whole Image
2024-06-14 14:50:02.474 [warning] Using default string since no string found in i18n bundle that has the key: {0}KB
2024-06-14 14:50:02.474 [warning] Using default string since no string found in i18n bundle that has the key: Whole Image
2024-06-14 14:50:04.441 [error] Error: Rpc timed out
	at Timeout.<anonymous> (/opt/code-oss/extensions/monospace/dist/extension.js:2:12894707)
	at listOnTimeout (node:internal/timers:569:17)
	at process.processTimers (node:internal/timers:512:7)
2024-06-14 14:50:06.867 [warning] Using default string since no string found in i18n bundle that has the key: Whole Image
2024-06-14 14:50:06.867 [warning] Using default string since no string found in i18n bundle that has the key: An error occurred while loading the image.
2024-06-14 14:50:06.867 [warning] Using default string since no string found in i18n bundle that has the key: Open file using Code OSS's standard text/binary editor?
2024-06-14 14:50:07.117 [warning] Using default string since no string found in i18n bundle that has the key: {0}KB
2024-06-14 14:50:07.117 [warning] Using default string since no string found in i18n bundle that has the key: Whole Image
2024-06-14 14:50:07.904 [warning] Using default string since no string found in i18n bundle that has the key: {0}KB
2024-06-14 14:50:07.904 [warning] Using default string since no string found in i18n bundle that has the key: Whole Image
2024-06-14 14:50:07.904 [warning] Using default string since no string found in i18n bundle that has the key: {0}KB
2024-06-14 14:50:07.904 [warning] Using default string since no string found in i18n bundle that has the key: Whole Image
2024-06-14 14:50:09.458 [error] Error: Rpc timed out
	at Timeout.<anonymous> (/opt/code-oss/extensions/monospace/dist/extension.js:2:12894707)
	at listOnTimeout (node:internal/timers:569:17)
	at process.processTimers (node:internal/timers:512:7)
2024-06-14 14:50:14.446 [error] Error: Rpc timed out
	at Timeout.<anonymous> (/opt/code-oss/extensions/monospace/dist/extension.js:2:12894707)
	at listOnTimeout (node:internal/timers:569:17)
	at process.processTimers (node:internal/timers:512:7)
2024-06-14 14:50:19.430 [error] Error: Rpc timed out
	at Timeout.<anonymous> (/opt/code-oss/extensions/monospace/dist/extension.js:2:12894707)
	at listOnTimeout (node:internal/timers:569:17)
	at process.processTimers (node:internal/timers:512:7)
2024-06-14 14:50:24.437 [error] Error: Rpc timed out
	at Timeout.<anonymous> (/opt/code-oss/extensions/monospace/dist/extension.js:2:12894707)
	at listOnTimeout (node:internal/timers:569:17)
	at process.processTimers (node:internal/timers:512:7)
2024-06-14 14:50:29.429 [error] Error: Rpc timed out
	at Timeout.<anonymous> (/opt/code-oss/extensions/monospace/dist/extension.js:2:12894707)
	at listOnTimeout (node:internal/timers:569:17)
	at process.processTimers (node:internal/timers:512:7)
2024-06-14 14:50:34.438 [error] Error: Rpc timed out
	at Timeout.<anonymous> (/opt/code-oss/extensions/monospace/dist/extension.js:2:12894707)
	at listOnTimeout (node:internal/timers:569:17)
	at process.processTimers (node:internal/timers:512:7)
2024-06-14 14:50:39.440 [error] Error: Rpc timed out
	at Timeout.<anonymous> (/opt/code-oss/extensions/monospace/dist/extension.js:2:12894707)
	at listOnTimeout (node:internal/timers:569:17)
	at process.processTimers (node:internal/timers:512:7)
2024-06-14 14:50:44.426 [error] Error: Rpc timed out
	at Timeout.<anonymous> (/opt/code-oss/extensions/monospace/dist/extension.js:2:12894707)
	at listOnTimeout (node:internal/timers:569:17)
	at process.processTimers (node:internal/timers:512:7)
2024-06-14 14:50:49.439 [error] Error: Rpc timed out
	at Timeout.<anonymous> (/opt/code-oss/extensions/monospace/dist/extension.js:2:12894707)
	at listOnTimeout (node:internal/timers:569:17)
	at process.processTimers (node:internal/timers:512:7)
2024-06-14 14:50:54.438 [error] Error: Rpc timed out
	at Timeout.<anonymous> (/opt/code-oss/extensions/monospace/dist/extension.js:2:12894707)
	at listOnTimeout (node:internal/timers:569:17)
	at process.processTimers (node:internal/timers:512:7)
2024-06-14 14:50:59.434 [error] Error: Rpc timed out
	at Timeout.<anonymous> (/opt/code-oss/extensions/monospace/dist/extension.js:2:12894707)
	at listOnTimeout (node:internal/timers:569:17)
	at process.processTimers (node:internal/timers:512:7)
2024-06-14 14:51:04.500 [error] Error: Rpc timed out
	at Timeout.<anonymous> (/opt/code-oss/extensions/monospace/dist/extension.js:2:12894707)
	at listOnTimeout (node:internal/timers:569:17)
	at process.processTimers (node:internal/timers:512:7)
2024-06-14 14:51:09.424 [error] Error: Rpc timed out
	at Timeout.<anonymous> (/opt/code-oss/extensions/monospace/dist/extension.js:2:12894707)
	at listOnTimeout (node:internal/timers:569:17)
	at process.processTimers (node:internal/timers:512:7)
2024-06-14 14:51:14.437 [error] Error: Rpc timed out
	at Timeout.<anonymous> (/opt/code-oss/extensions/monospace/dist/extension.js:2:12894707)
	at listOnTimeout (node:internal/timers:569:17)
	at process.processTimers (node:internal/timers:512:7)
2024-06-14 14:51:19.417 [error] Error: Rpc timed out
	at Timeout.<anonymous> (/opt/code-oss/extensions/monospace/dist/extension.js:2:12894707)
	at listOnTimeout (node:internal/timers:569:17)
	at process.processTimers (node:internal/timers:512:7)
2024-06-14 14:51:24.445 [error] Error: Rpc timed out
	at Timeout.<anonymous> (/opt/code-oss/extensions/monospace/dist/extension.js:2:12894707)
	at listOnTimeout (node:internal/timers:569:17)
	at process.processTimers (node:internal/timers:512:7)
2024-06-14 14:51:30.335 [error] Error: Rpc timed out
	at Timeout.<anonymous> (/opt/code-oss/extensions/monospace/dist/extension.js:2:12894707)
	at listOnTimeout (node:internal/timers:569:17)
	at process.processTimers (node:internal/timers:512:7)
2024-06-14 14:51:35.305 [error] Error: Rpc timed out
	at Timeout.<anonymous> (/opt/code-oss/extensions/monospace/dist/extension.js:2:12894707)
	at listOnTimeout (node:internal/timers:569:17)
	at process.processTimers (node:internal/timers:512:7)
2024-06-14 14:51:40.326 [error] Error: Rpc timed out
	at Timeout.<anonymous> (/opt/code-oss/extensions/monospace/dist/extension.js:2:12894707)
	at listOnTimeout (node:internal/timers:569:17)
	at process.processTimers (node:internal/timers:512:7)
2024-06-14 14:51:45.318 [error] Error: Rpc timed out
	at Timeout.<anonymous> (/opt/code-oss/extensions/monospace/dist/extension.js:2:12894707)
	at listOnTimeout (node:internal/timers:569:17)
	at process.processTimers (node:internal/timers:512:7)
2024-06-14 14:51:50.301 [error] Error: Rpc timed out
	at Timeout.<anonymous> (/opt/code-oss/extensions/monospace/dist/extension.js:2:12894707)
	at listOnTimeout (node:internal/timers:569:17)
	at process.processTimers (node:internal/timers:512:7)
2024-06-14 14:51:54.470 [error] Error: Rpc timed out
	at Timeout.<anonymous> (/opt/code-oss/extensions/monospace/dist/extension.js:2:12894707)
	at listOnTimeout (node:internal/timers:569:17)
	at process.processTimers (node:internal/timers:512:7)
2024-06-14 14:52:00.305 [error] Error: Rpc timed out
	at Timeout.<anonymous> (/opt/code-oss/extensions/monospace/dist/extension.js:2:12894707)
	at listOnTimeout (node:internal/timers:569:17)
	at process.processTimers (node:internal/timers:512:7)
2024-06-14 14:52:05.297 [error] Error: Rpc timed out
	at Timeout.<anonymous> (/opt/code-oss/extensions/monospace/dist/extension.js:2:12894707)
	at listOnTimeout (node:internal/timers:569:17)
	at process.processTimers (node:internal/timers:512:7)
2024-06-14 14:52:10.296 [error] Error: Rpc timed out
	at Timeout.<anonymous> (/opt/code-oss/extensions/monospace/dist/extension.js:2:12894707)
	at listOnTimeout (node:internal/timers:569:17)
	at process.processTimers (node:internal/timers:512:7)
2024-06-14 14:52:15.316 [error] Error: Rpc timed out
	at Timeout.<anonymous> (/opt/code-oss/extensions/monospace/dist/extension.js:2:12894707)
	at listOnTimeout (node:internal/timers:569:17)
	at process.processTimers (node:internal/timers:512:7)
2024-06-14 14:52:20.324 [error] Error: Rpc timed out
	at Timeout.<anonymous> (/opt/code-oss/extensions/monospace/dist/extension.js:2:12894707)
	at listOnTimeout (node:internal/timers:569:17)
	at process.processTimers (node:internal/timers:512:7)
2024-06-14 14:52:25.319 [error] Error: Rpc timed out
	at Timeout.<anonymous> (/opt/code-oss/extensions/monospace/dist/extension.js:2:12894707)
	at listOnTimeout (node:internal/timers:569:17)
	at process.processTimers (node:internal/timers:512:7)
2024-06-14 14:52:30.312 [error] Error: Rpc timed out
	at Timeout.<anonymous> (/opt/code-oss/extensions/monospace/dist/extension.js:2:12894707)
	at listOnTimeout (node:internal/timers:569:17)
	at process.processTimers (node:internal/timers:512:7)
2024-06-14 14:52:35.311 [error] Error: Rpc timed out
	at Timeout.<anonymous> (/opt/code-oss/extensions/monospace/dist/extension.js:2:12894707)
	at listOnTimeout (node:internal/timers:569:17)
	at process.processTimers (node:internal/timers:512:7)
2024-06-14 14:52:40.315 [error] Error: Rpc timed out
	at Timeout.<anonymous> (/opt/code-oss/extensions/monospace/dist/extension.js:2:12894707)
	at listOnTimeout (node:internal/timers:569:17)
	at process.processTimers (node:internal/timers:512:7)
2024-06-14 14:52:45.359 [error] Error: Rpc timed out
	at Timeout.<anonymous> (/opt/code-oss/extensions/monospace/dist/extension.js:2:12894707)
	at listOnTimeout (node:internal/timers:569:17)
	at process.processTimers (node:internal/timers:512:7)
2024-06-14 14:52:50.315 [error] Error: Rpc timed out
	at Timeout.<anonymous> (/opt/code-oss/extensions/monospace/dist/extension.js:2:12894707)
	at listOnTimeout (node:internal/timers:569:17)
	at process.processTimers (node:internal/timers:512:7)
2024-06-14 14:52:55.331 [error] Error: Rpc timed out
	at Timeout.<anonymous> (/opt/code-oss/extensions/monospace/dist/extension.js:2:12894707)
	at listOnTimeout (node:internal/timers:569:17)
	at process.processTimers (node:internal/timers:512:7)
2024-06-14 14:53:43.757 [error] Error: Rpc timed out
	at Timeout.<anonymous> (/opt/code-oss/extensions/monospace/dist/extension.js:2:12894707)
	at listOnTimeout (node:internal/timers:569:17)
	at process.processTimers (node:internal/timers:512:7)
2024-06-14 14:53:44.440 [error] Error: Rpc timed out
	at Timeout.<anonymous> (/opt/code-oss/extensions/monospace/dist/extension.js:2:12894707)
	at listOnTimeout (node:internal/timers:569:17)
	at process.processTimers (node:internal/timers:512:7)
2024-06-14 14:53:50.349 [error] Error: Rpc timed out
	at Timeout.<anonymous> (/opt/code-oss/extensions/monospace/dist/extension.js:2:12894707)
	at listOnTimeout (node:internal/timers:569:17)
	at process.processTimers (node:internal/timers:512:7)
2024-06-14 14:53:55.331 [error] Error: Rpc timed out
	at Timeout.<anonymous> (/opt/code-oss/extensions/monospace/dist/extension.js:2:12894707)
	at listOnTimeout (node:internal/timers:569:17)
	at process.processTimers (node:internal/timers:512:7)
2024-06-14 14:54:00.295 [error] Error: Rpc timed out
	at Timeout.<anonymous> (/opt/code-oss/extensions/monospace/dist/extension.js:2:12894707)
	at listOnTimeout (node:internal/timers:569:17)
	at process.processTimers (node:internal/timers:512:7)
2024-06-14 14:54:05.317 [error] Error: Rpc timed out
	at Timeout.<anonymous> (/opt/code-oss/extensions/monospace/dist/extension.js:2:12894707)
	at listOnTimeout (node:internal/timers:569:17)
	at process.processTimers (node:internal/timers:512:7)
2024-06-14 14:54:10.297 [error] Error: Rpc timed out
	at Timeout.<anonymous> (/opt/code-oss/extensions/monospace/dist/extension.js:2:12894707)
	at listOnTimeout (node:internal/timers:569:17)
	at process.processTimers (node:internal/timers:512:7)
2024-06-14 14:54:15.311 [error] Error: Rpc timed out
	at Timeout.<anonymous> (/opt/code-oss/extensions/monospace/dist/extension.js:2:12894707)
	at listOnTimeout (node:internal/timers:569:17)
	at process.processTimers (node:internal/timers:512:7)
2024-06-14 14:54:20.304 [error] Error: Rpc timed out
	at Timeout.<anonymous> (/opt/code-oss/extensions/monospace/dist/extension.js:2:12894707)
	at listOnTimeout (node:internal/timers:569:17)
	at process.processTimers (node:internal/timers:512:7)
2024-06-14 14:54:25.323 [error] Error: Rpc timed out
	at Timeout.<anonymous> (/opt/code-oss/extensions/monospace/dist/extension.js:2:12894707)
	at listOnTimeout (node:internal/timers:569:17)
	at process.processTimers (node:internal/timers:512:7)
2024-06-14 14:54:30.344 [error] Error: Rpc timed out
	at Timeout.<anonymous> (/opt/code-oss/extensions/monospace/dist/extension.js:2:12894707)
	at listOnTimeout (node:internal/timers:569:17)
	at process.processTimers (node:internal/timers:512:7)
2024-06-14 14:54:35.322 [error] Error: Rpc timed out
	at Timeout.<anonymous> (/opt/code-oss/extensions/monospace/dist/extension.js:2:12894707)
	at listOnTimeout (node:internal/timers:569:17)
	at process.processTimers (node:internal/timers:512:7)
2024-06-14 14:54:40.323 [error] Error: Rpc timed out
	at Timeout.<anonymous> (/opt/code-oss/extensions/monospace/dist/extension.js:2:12894707)
	at listOnTimeout (node:internal/timers:569:17)
	at process.processTimers (node:internal/timers:512:7)
2024-06-14 14:54:45.327 [error] Error: Rpc timed out
	at Timeout.<anonymous> (/opt/code-oss/extensions/monospace/dist/extension.js:2:12894707)
	at listOnTimeout (node:internal/timers:569:17)
	at process.processTimers (node:internal/timers:512:7)
2024-06-14 14:55:12.322 [error] Error: Rpc timed out
	at Timeout.<anonymous> (/opt/code-oss/extensions/monospace/dist/extension.js:2:12895957)
	at listOnTimeout (node:internal/timers:569:17)
	at process.processTimers (node:internal/timers:512:7)
2024-06-14 14:56:27.140 [error] Error: Rpc timed out
	at Timeout.<anonymous> (/opt/code-oss/extensions/monospace/dist/extension.js:2:12895957)
	at listOnTimeout (node:internal/timers:569:17)
	at process.processTimers (node:internal/timers:512:7)
2024-06-14 14:56:27.234 [error] Error: Rpc timed out
	at Timeout.<anonymous> (/opt/code-oss/extensions/monospace/dist/extension.js:2:12894707)
	at listOnTimeout (node:internal/timers:569:17)
	at process.processTimers (node:internal/timers:512:7)
2024-06-14 14:56:29.488 [error] Error: Rpc timed out
	at Timeout.<anonymous> (/opt/code-oss/extensions/monospace/dist/extension.js:2:12894707)
	at listOnTimeout (node:internal/timers:569:17)
	at process.processTimers (node:internal/timers:512:7)
2024-06-14 14:56:34.426 [error] Error: Rpc timed out
	at Timeout.<anonymous> (/opt/code-oss/extensions/monospace/dist/extension.js:2:12894707)
	at listOnTimeout (node:internal/timers:569:17)
	at process.processTimers (node:internal/timers:512:7)
2024-06-14 14:56:39.424 [error] Error: Rpc timed out
	at Timeout.<anonymous> (/opt/code-oss/extensions/monospace/dist/extension.js:2:12894707)
	at listOnTimeout (node:internal/timers:569:17)
	at process.processTimers (node:internal/timers:512:7)
2024-06-14 14:56:44.429 [error] Error: Rpc timed out
	at Timeout.<anonymous> (/opt/code-oss/extensions/monospace/dist/extension.js:2:12894707)
	at listOnTimeout (node:internal/timers:569:17)
	at process.processTimers (node:internal/timers:512:7)
2024-06-14 14:56:49.508 [error] Error: Rpc timed out
	at Timeout.<anonymous> (/opt/code-oss/extensions/monospace/dist/extension.js:2:12894707)
	at listOnTimeout (node:internal/timers:569:17)
	at process.processTimers (node:internal/timers:512:7)
2024-06-14 14:56:54.441 [error] Error: Rpc timed out
	at Timeout.<anonymous> (/opt/code-oss/extensions/monospace/dist/extension.js:2:12894707)
	at listOnTimeout (node:internal/timers:569:17)
	at process.processTimers (node:internal/timers:512:7)
2024-06-14 14:56:56.778 [warning] Using default string since no string found in i18n bundle that has the key: {0}KB
2024-06-14 14:56:56.779 [warning] Using default string since no string found in i18n bundle that has the key: Whole Image
2024-06-14 14:56:59.425 [error] Error: Rpc timed out
	at Timeout.<anonymous> (/opt/code-oss/extensions/monospace/dist/extension.js:2:12894707)
	at listOnTimeout (node:internal/timers:569:17)
	at process.processTimers (node:internal/timers:512:7)
2024-06-14 14:57:04.439 [error] Error: Rpc timed out
	at Timeout.<anonymous> (/opt/code-oss/extensions/monospace/dist/extension.js:2:12894707)
	at listOnTimeout (node:internal/timers:569:17)
	at process.processTimers (node:internal/timers:512:7)
2024-06-14 14:57:09.426 [error] Error: Rpc timed out
	at Timeout.<anonymous> (/opt/code-oss/extensions/monospace/dist/extension.js:2:12894707)
	at listOnTimeout (node:internal/timers:569:17)
	at process.processTimers (node:internal/timers:512:7)
2024-06-14 14:57:14.431 [error] Error: Rpc timed out
	at Timeout.<anonymous> (/opt/code-oss/extensions/monospace/dist/extension.js:2:12894707)
	at listOnTimeout (node:internal/timers:569:17)
	at process.processTimers (node:internal/timers:512:7)
2024-06-14 14:57:19.432 [error] Error: Rpc timed out
	at Timeout.<anonymous> (/opt/code-oss/extensions/monospace/dist/extension.js:2:12894707)
	at listOnTimeout (node:internal/timers:569:17)
	at process.processTimers (node:internal/timers:512:7)
2024-06-14 14:57:24.424 [error] Error: Rpc timed out
	at Timeout.<anonymous> (/opt/code-oss/extensions/monospace/dist/extension.js:2:12894707)
	at listOnTimeout (node:internal/timers:569:17)
	at process.processTimers (node:internal/timers:512:7)
2024-06-14 14:57:29.428 [error] Error: Rpc timed out
	at Timeout.<anonymous> (/opt/code-oss/extensions/monospace/dist/extension.js:2:12894707)
	at listOnTimeout (node:internal/timers:569:17)
	at process.processTimers (node:internal/timers:512:7)
2024-06-14 14:57:34.430 [error] Error: Rpc timed out
	at Timeout.<anonymous> (/opt/code-oss/extensions/monospace/dist/extension.js:2:12894707)
	at listOnTimeout (node:internal/timers:569:17)
	at process.processTimers (node:internal/timers:512:7)
2024-06-14 14:57:39.492 [error] Error: Rpc timed out
	at Timeout.<anonymous> (/opt/code-oss/extensions/monospace/dist/extension.js:2:12894707)
	at listOnTimeout (node:internal/timers:569:17)
	at process.processTimers (node:internal/timers:512:7)
2024-06-14 14:57:44.427 [error] Error: Rpc timed out
	at Timeout.<anonymous> (/opt/code-oss/extensions/monospace/dist/extension.js:2:12894707)
	at listOnTimeout (node:internal/timers:569:17)
	at process.processTimers (node:internal/timers:512:7)
2024-06-14 14:57:49.428 [error] Error: Rpc timed out
	at Timeout.<anonymous> (/opt/code-oss/extensions/monospace/dist/extension.js:2:12894707)
	at listOnTimeout (node:internal/timers:569:17)
	at process.processTimers (node:internal/timers:512:7)
2024-06-14 14:57:54.448 [error] Error: Rpc timed out
	at Timeout.<anonymous> (/opt/code-oss/extensions/monospace/dist/extension.js:2:12894707)
	at listOnTimeout (node:internal/timers:569:17)
	at process.processTimers (node:internal/timers:512:7)
2024-06-14 14:57:59.430 [error] Error: Rpc timed out
	at Timeout.<anonymous> (/opt/code-oss/extensions/monospace/dist/extension.js:2:12894707)
	at listOnTimeout (node:internal/timers:569:17)
	at process.processTimers (node:internal/timers:512:7)
2024-06-14 14:58:04.438 [error] Error: Rpc timed out
	at Timeout.<anonymous> (/opt/code-oss/extensions/monospace/dist/extension.js:2:12894707)
	at listOnTimeout (node:internal/timers:569:17)
	at process.processTimers (node:internal/timers:512:7)
2024-06-14 14:58:09.441 [error] Error: Rpc timed out
	at Timeout.<anonymous> (/opt/code-oss/extensions/monospace/dist/extension.js:2:12894707)
	at listOnTimeout (node:internal/timers:569:17)
	at process.processTimers (node:internal/timers:512:7)
2024-06-14 14:58:14.431 [error] Error: Rpc timed out
	at Timeout.<anonymous> (/opt/code-oss/extensions/monospace/dist/extension.js:2:12894707)
	at listOnTimeout (node:internal/timers:569:17)
	at process.processTimers (node:internal/timers:512:7)
2024-06-14 14:58:19.427 [error] Error: Rpc timed out
	at Timeout.<anonymous> (/opt/code-oss/extensions/monospace/dist/extension.js:2:12894707)
	at listOnTimeout (node:internal/timers:569:17)
	at process.processTimers (node:internal/timers:512:7)
2024-06-14 14:58:24.435 [error] Error: Rpc timed out
	at Timeout.<anonymous> (/opt/code-oss/extensions/monospace/dist/extension.js:2:12894707)
	at listOnTimeout (node:internal/timers:569:17)
	at process.processTimers (node:internal/timers:512:7)
2024-06-14 14:58:29.431 [error] Error: Rpc timed out
	at Timeout.<anonymous> (/opt/code-oss/extensions/monospace/dist/extension.js:2:12894707)
	at listOnTimeout (node:internal/timers:569:17)
	at process.processTimers (node:internal/timers:512:7)
2024-06-14 14:58:34.448 [error] Error: Rpc timed out
	at Timeout.<anonymous> (/opt/code-oss/extensions/monospace/dist/extension.js:2:12894707)
	at listOnTimeout (node:internal/timers:569:17)
	at process.processTimers (node:internal/timers:512:7)
2024-06-14 14:58:39.432 [error] Error: Rpc timed out
	at Timeout.<anonymous> (/opt/code-oss/extensions/monospace/dist/extension.js:2:12894707)
	at listOnTimeout (node:internal/timers:569:17)
	at process.processTimers (node:internal/timers:512:7)
2024-06-14 14:58:44.427 [error] Error: Rpc timed out
	at Timeout.<anonymous> (/opt/code-oss/extensions/monospace/dist/extension.js:2:12894707)
	at listOnTimeout (node:internal/timers:569:17)
	at process.processTimers (node:internal/timers:512:7)
2024-06-14 14:58:49.481 [error] Error: Rpc timed out
	at Timeout.<anonymous> (/opt/code-oss/extensions/monospace/dist/extension.js:2:12894707)
	at listOnTimeout (node:internal/timers:569:17)
	at process.processTimers (node:internal/timers:512:7)
2024-06-14 14:58:54.445 [error] Error: Rpc timed out
	at Timeout.<anonymous> (/opt/code-oss/extensions/monospace/dist/extension.js:2:12894707)
	at listOnTimeout (node:internal/timers:569:17)
	at process.processTimers (node:internal/timers:512:7)
2024-06-14 14:58:59.431 [error] Error: Rpc timed out
	at Timeout.<anonymous> (/opt/code-oss/extensions/monospace/dist/extension.js:2:12894707)
	at listOnTimeout (node:internal/timers:569:17)
	at process.processTimers (node:internal/timers:512:7)
2024-06-14 14:59:04.446 [error] Error: Rpc timed out
	at Timeout.<anonymous> (/opt/code-oss/extensions/monospace/dist/extension.js:2:12894707)
	at listOnTimeout (node:internal/timers:569:17)
	at process.processTimers (node:internal/timers:512:7)
2024-06-14 14:59:09.441 [error] Error: Rpc timed out
	at Timeout.<anonymous> (/opt/code-oss/extensions/monospace/dist/extension.js:2:12894707)
	at listOnTimeout (node:internal/timers:569:17)
	at process.processTimers (node:internal/timers:512:7)
2024-06-14 14:59:14.448 [error] Error: Rpc timed out
	at Timeout.<anonymous> (/opt/code-oss/extensions/monospace/dist/extension.js:2:12894707)
	at listOnTimeout (node:internal/timers:569:17)
	at process.processTimers (node:internal/timers:512:7)
2024-06-14 14:59:16.284 [warning] Using default string since no string found in i18n bundle that has the key: {0}KB
2024-06-14 14:59:16.284 [warning] Using default string since no string found in i18n bundle that has the key: {0}KB
2024-06-14 14:59:19.427 [error] Error: Rpc timed out
	at Timeout.<anonymous> (/opt/code-oss/extensions/monospace/dist/extension.js:2:12894707)
	at listOnTimeout (node:internal/timers:569:17)
	at process.processTimers (node:internal/timers:512:7)
2024-06-14 14:59:21.676 [warning] Using default string since no string found in i18n bundle that has the key: {0}KB
2024-06-14 14:59:24.435 [error] Error: Rpc timed out
	at Timeout.<anonymous> (/opt/code-oss/extensions/monospace/dist/extension.js:2:12894707)
	at listOnTimeout (node:internal/timers:569:17)
	at process.processTimers (node:internal/timers:512:7)
2024-06-14 14:59:29.433 [error] Error: Rpc timed out
	at Timeout.<anonymous> (/opt/code-oss/extensions/monospace/dist/extension.js:2:12894707)
	at listOnTimeout (node:internal/timers:569:17)
	at process.processTimers (node:internal/timers:512:7)
2024-06-14 14:59:34.449 [error] Error: Rpc timed out
	at Timeout.<anonymous> (/opt/code-oss/extensions/monospace/dist/extension.js:2:12894707)
	at listOnTimeout (node:internal/timers:569:17)
	at process.processTimers (node:internal/timers:512:7)
2024-06-14 14:59:40.329 [error] Error: Rpc timed out
	at Timeout.<anonymous> (/opt/code-oss/extensions/monospace/dist/extension.js:2:12894707)
	at listOnTimeout (node:internal/timers:569:17)
	at process.processTimers (node:internal/timers:512:7)
2024-06-14 14:59:45.328 [error] Error: Rpc timed out
	at Timeout.<anonymous> (/opt/code-oss/extensions/monospace/dist/extension.js:2:12894707)
	at listOnTimeout (node:internal/timers:569:17)
	at process.processTimers (node:internal/timers:512:7)
2024-06-14 14:59:50.321 [error] Error: Rpc timed out
	at Timeout.<anonymous> (/opt/code-oss/extensions/monospace/dist/extension.js:2:12894707)
	at listOnTimeout (node:internal/timers:569:17)
	at process.processTimers (node:internal/timers:512:7)
2024-06-14 14:59:55.329 [error] Error: Rpc timed out
	at Timeout.<anonymous> (/opt/code-oss/extensions/monospace/dist/extension.js:2:12894707)
	at listOnTimeout (node:internal/timers:569:17)
	at process.processTimers (node:internal/timers:512:7)
2024-06-14 15:00:00.320 [error] Error: Rpc timed out
	at Timeout.<anonymous> (/opt/code-oss/extensions/monospace/dist/extension.js:2:12894707)
	at listOnTimeout (node:internal/timers:569:17)
	at process.processTimers (node:internal/timers:512:7)
2024-06-14 15:00:05.330 [error] Error: Rpc timed out
	at Timeout.<anonymous> (/opt/code-oss/extensions/monospace/dist/extension.js:2:12894707)
	at listOnTimeout (node:internal/timers:569:17)
	at process.processTimers (node:internal/timers:512:7)
2024-06-14 15:00:10.330 [error] Error: Rpc timed out
	at Timeout.<anonymous> (/opt/code-oss/extensions/monospace/dist/extension.js:2:12894707)
	at listOnTimeout (node:internal/timers:569:17)
	at process.processTimers (node:internal/timers:512:7)
2024-06-14 15:00:15.328 [error] Error: Rpc timed out
	at Timeout.<anonymous> (/opt/code-oss/extensions/monospace/dist/extension.js:2:12894707)
	at listOnTimeout (node:internal/timers:569:17)
	at process.processTimers (node:internal/timers:512:7)
2024-06-14 15:00:20.329 [error] Error: Rpc timed out
	at Timeout.<anonymous> (/opt/code-oss/extensions/monospace/dist/extension.js:2:12894707)
	at listOnTimeout (node:internal/timers:569:17)
	at process.processTimers (node:internal/timers:512:7)
2024-06-14 15:00:25.328 [error] Error: Rpc timed out
	at Timeout.<anonymous> (/opt/code-oss/extensions/monospace/dist/extension.js:2:12894707)
	at listOnTimeout (node:internal/timers:569:17)
	at process.processTimers (node:internal/timers:512:7)
2024-06-14 15:00:30.370 [error] Error: Rpc timed out
	at Timeout.<anonymous> (/opt/code-oss/extensions/monospace/dist/extension.js:2:12894707)
	at listOnTimeout (node:internal/timers:569:17)
	at process.processTimers (node:internal/timers:512:7)
2024-06-14 15:00:35.338 [error] Error: Rpc timed out
	at Timeout.<anonymous> (/opt/code-oss/extensions/monospace/dist/extension.js:2:12894707)
	at listOnTimeout (node:internal/timers:569:17)
	at process.processTimers (node:internal/timers:512:7)
2024-06-14 15:01:46.413 [error] Error: Rpc timed out
	at Timeout.<anonymous> (/opt/code-oss/extensions/monospace/dist/extension.js:2:12895957)
	at listOnTimeout (node:internal/timers:569:17)
	at process.processTimers (node:internal/timers:512:7)
2024-06-14 15:02:30.500 [error] Error: Rpc timed out
	at Timeout.<anonymous> (/opt/code-oss/extensions/monospace/dist/extension.js:2:12895957)
	at listOnTimeout (node:internal/timers:569:17)
	at process.processTimers (node:internal/timers:512:7)
2024-06-14 15:02:30.564 [error] Error: Rpc timed out
	at Timeout.<anonymous> (/opt/code-oss/extensions/monospace/dist/extension.js:2:12895957)
	at listOnTimeout (node:internal/timers:569:17)
	at process.processTimers (node:internal/timers:512:7)
2024-06-14 15:02:34.440 [error] Error: Rpc timed out
	at Timeout.<anonymous> (/opt/code-oss/extensions/monospace/dist/extension.js:2:12894707)
	at listOnTimeout (node:internal/timers:569:17)
	at process.processTimers (node:internal/timers:512:7)
2024-06-14 15:02:39.453 [error] Error: Rpc timed out
	at Timeout.<anonymous> (/opt/code-oss/extensions/monospace/dist/extension.js:2:12894707)
	at listOnTimeout (node:internal/timers:569:17)
	at process.processTimers (node:internal/timers:512:7)
2024-06-14 15:02:44.441 [error] Error: Rpc timed out
	at Timeout.<anonymous> (/opt/code-oss/extensions/monospace/dist/extension.js:2:12894707)
	at listOnTimeout (node:internal/timers:569:17)
	at process.processTimers (node:internal/timers:512:7)
2024-06-14 15:02:49.467 [error] Error: Rpc timed out
	at Timeout.<anonymous> (/opt/code-oss/extensions/monospace/dist/extension.js:2:12894707)
	at listOnTimeout (node:internal/timers:569:17)
	at process.processTimers (node:internal/timers:512:7)
2024-06-14 15:02:55.365 [error] Error: Rpc timed out
	at Timeout.<anonymous> (/opt/code-oss/extensions/monospace/dist/extension.js:2:12894707)
	at listOnTimeout (node:internal/timers:569:17)
	at process.processTimers (node:internal/timers:512:7)
2024-06-14 15:03:00.317 [error] Error: Rpc timed out
	at Timeout.<anonymous> (/opt/code-oss/extensions/monospace/dist/extension.js:2:12894707)
	at listOnTimeout (node:internal/timers:569:17)
	at process.processTimers (node:internal/timers:512:7)
2024-06-14 15:03:04.461 [error] Error: Rpc timed out
	at Timeout.<anonymous> (/opt/code-oss/extensions/monospace/dist/extension.js:2:12894707)
	at listOnTimeout (node:internal/timers:569:17)
	at process.processTimers (node:internal/timers:512:7)
2024-06-14 15:03:08.830 [info] Extension host terminating: received terminate message from renderer
2024-06-14 15:03:08.832 [info] Lock '/home/user/.codeoss-cloudworkstations/data/User/workspaceStorage/1a81839/vscode.lock': Marking the lockfile as scheduled to be released in 6000 ms.
2024-06-14 15:03:08.935 [warning] Using default string since no string found in i18n bundle that has the key: Report Issue
2024-06-14 15:03:08.935 [warning] Using default string since no string found in i18n bundle that has the key: The JS/TS language service crashed.
2024-06-14 15:03:09.091 [error] Error: Pending response rejected since connection got disposed
	at Object.dispose (/opt/code-oss/extensions/nix-language/dist/extension.js:2669:25)
	at Object.dispose (/opt/code-oss/extensions/nix-language/dist/extension.js:15944:35)
	at LanguageClient2.handleConnectionClosed (/opt/code-oss/extensions/nix-language/dist/extension.js:15563:30)
	at LanguageClient2.handleConnectionClosed (/opt/code-oss/extensions/nix-language/dist/extension.js:17894:22)
	at closeHandler (/opt/code-oss/extensions/nix-language/dist/extension.js:15551:16)
	at CallbackList.invoke (/opt/code-oss/extensions/nix-language/dist/extension.js:832:35)
	at _Emitter.fire (/opt/code-oss/extensions/nix-language/dist/extension.js:891:34)
	at closeHandler (/opt/code-oss/extensions/nix-language/dist/extension.js:1879:24)
	at CallbackList.invoke (/opt/code-oss/extensions/nix-language/dist/extension.js:832:35)
	at _Emitter.fire (/opt/code-oss/extensions/nix-language/dist/extension.js:891:34)
	at StreamMessageReader.fireClose (/opt/code-oss/extensions/nix-language/dist/extension.js:1180:27)
	at Socket.<anonymous> (/opt/code-oss/extensions/nix-language/dist/extension.js:1263:42)
	at Socket.emit (node:events:525:35)
	at Pipe.<anonymous> (node:net:322:12)
2024-06-14 15:03:09.091 [info] Extension host with pid 1060 exiting with code 0
