2024-06-14 15:05:18.462 [info] Log level: Info
2024-06-14 15:05:18.462 [info] Validating found git in: "git"
2024-06-14 15:05:18.462 [info] Using git "2.42.2" from "git"
2024-06-14 15:05:18.462 [info] > git rev-parse --show-toplevel [4ms]
2024-06-14 15:05:18.462 [info] fatal: not a git repository (or any parent up to mount point /)
Stopping at filesystem boundary (GIT_DISCOVERY_ACROSS_FILESYSTEM not set).
2024-06-14 15:05:18.462 [info] > git rev-parse --show-toplevel [4ms]
2024-06-14 15:05:18.462 [info] fatal: not a git repository (or any parent up to mount point /)
Stopping at filesystem boundary (GIT_DISCOVERY_ACROSS_FILESYSTEM not set).
2024-06-14 15:05:18.471 [info] > git rev-parse --show-toplevel [2ms]
2024-06-14 15:05:18.471 [info] fatal: not a git repository (or any parent up to mount point /)
Stopping at filesystem boundary (GIT_DISCOVERY_ACROSS_FILESYSTEM not set).
2024-06-14 15:05:18.480 [info] > git rev-parse --show-toplevel [2ms]
2024-06-14 15:05:18.480 [info] fatal: not a git repository (or any parent up to mount point /)
Stopping at filesystem boundary (GIT_DISCOVERY_ACROSS_FILESYSTEM not set).
2024-06-14 15:05:18.495 [info] > git rev-parse --show-toplevel [8ms]
2024-06-14 15:05:18.495 [info] fatal: not a git repository (or any parent up to mount point /)
Stopping at filesystem boundary (GIT_DISCOVERY_ACROSS_FILESYSTEM not set).
2024-06-14 15:05:18.504 [info] > git rev-parse --show-toplevel [1ms]
2024-06-14 15:05:18.504 [info] fatal: not a git repository (or any parent up to mount point /)
Stopping at filesystem boundary (GIT_DISCOVERY_ACROSS_FILESYSTEM not set).
2024-06-14 15:05:21.342 [info] > git rev-parse --show-toplevel [31ms]
2024-06-14 15:05:21.342 [info] fatal: not a git repository (or any parent up to mount point /)
Stopping at filesystem boundary (GIT_DISCOVERY_ACROSS_FILESYSTEM not set).
2024-06-14 15:05:21.431 [info] > git rev-parse --show-toplevel [66ms]
2024-06-14 15:05:21.432 [info] fatal: not a git repository (or any parent up to mount point /)
Stopping at filesystem boundary (GIT_DISCOVERY_ACROSS_FILESYSTEM not set).
2024-06-14 15:06:09.559 [info] > git rev-parse --show-toplevel [7ms]
2024-06-14 15:06:09.559 [info] fatal: not a git repository (or any parent up to mount point /)
Stopping at filesystem boundary (GIT_DISCOVERY_ACROSS_FILESYSTEM not set).
2024-06-14 15:06:30.087 [info] > git rev-parse --show-toplevel [4ms]
2024-06-14 15:06:30.087 [info] fatal: not a git repository (or any parent up to mount point /)
Stopping at filesystem boundary (GIT_DISCOVERY_ACROSS_FILESYSTEM not set).
2024-06-14 15:06:36.144 [info] > git rev-parse --show-toplevel [3ms]
2024-06-14 15:06:36.144 [info] fatal: not a git repository (or any parent up to mount point /)
Stopping at filesystem boundary (GIT_DISCOVERY_ACROSS_FILESYSTEM not set).
2024-06-14 15:06:37.245 [info] > git rev-parse --show-toplevel [3ms]
2024-06-14 15:06:37.245 [info] fatal: not a git repository (or any parent up to mount point /)
Stopping at filesystem boundary (GIT_DISCOVERY_ACROSS_FILESYSTEM not set).
2024-06-14 15:06:42.566 [info] > git rev-parse --show-toplevel [3ms]
2024-06-14 15:06:42.566 [info] fatal: not a git repository (or any parent up to mount point /)
Stopping at filesystem boundary (GIT_DISCOVERY_ACROSS_FILESYSTEM not set).
2024-06-14 15:06:44.109 [info] > git rev-parse --show-toplevel [4ms]
2024-06-14 15:06:44.109 [info] fatal: not a git repository (or any parent up to mount point /)
Stopping at filesystem boundary (GIT_DISCOVERY_ACROSS_FILESYSTEM not set).
2024-06-14 15:11:44.416 [info] > git rev-parse --show-toplevel [2ms]
2024-06-14 15:11:44.416 [info] fatal: not a git repository (or any parent up to mount point /)
Stopping at filesystem boundary (GIT_DISCOVERY_ACROSS_FILESYSTEM not set).
2024-06-14 15:12:04.373 [info] > git rev-parse --show-toplevel [5ms]
2024-06-14 15:12:04.373 [info] fatal: not a git repository (or any parent up to mount point /)
Stopping at filesystem boundary (GIT_DISCOVERY_ACROSS_FILESYSTEM not set).
2024-06-14 15:13:56.019 [info] > git rev-parse --show-toplevel [2ms]
2024-06-14 15:13:56.036 [info] > git rev-parse --git-dir --git-common-dir [2ms]
2024-06-14 15:13:56.058 [info] Open repository: /home/user
2024-06-14 15:13:56.099 [info] No remotes found in the git config file.
2024-06-14 15:13:56.101 [info] > git config --get commit.template [20ms]
2024-06-14 15:13:56.101 [info] > git for-each-ref --format=%(refname)%00%(upstream:short)%00%(objectname)%00%(upstream:track)%00%(upstream:remotename)%00%(upstream:remoteref) refs/heads/master refs/remotes/master [4ms]
2024-06-14 15:13:56.132 [info] > git status -z -uall [14ms]
2024-06-14 15:13:56.417 [info] > git config --get commit.template [11ms]
2024-06-14 15:13:56.437 [info] No remotes found in the git config file.
2024-06-14 15:13:56.439 [info] > git for-each-ref --format=%(refname)%00%(upstream:short)%00%(objectname)%00%(upstream:track)%00%(upstream:remotename)%00%(upstream:remoteref) refs/heads/master refs/remotes/master [2ms]
2024-06-14 15:13:56.460 [info] > git status -z -uall [8ms]
2024-06-14 15:13:56.937 [info] > git check-ignore -v -z --stdin [2ms]
2024-06-14 15:13:57.438 [info] > git config --local branch.master.github-pr-owner-number [3ms]
2024-06-14 15:13:57.469 [info] No remotes found in the git config file.
2024-06-14 15:13:57.470 [info] > git config --get commit.template [17ms]
2024-06-14 15:13:57.471 [info] > git for-each-ref --format=%(refname)%00%(upstream:short)%00%(objectname)%00%(upstream:track)%00%(upstream:remotename)%00%(upstream:remoteref) refs/heads/master refs/remotes/master [3ms]
2024-06-14 15:13:57.494 [info] > git status -z -uall [8ms]
2024-06-14 15:13:57.531 [info] > git config --local branch.master.remote [6ms]
2024-06-14 15:13:57.562 [info] No remotes found in the git config file.
2024-06-14 15:13:57.564 [info] > git config --get commit.template [16ms]
2024-06-14 15:13:57.564 [info] > git for-each-ref --format=%(refname)%00%(upstream:short)%00%(objectname)%00%(upstream:track)%00%(upstream:remotename)%00%(upstream:remoteref) refs/heads/master refs/remotes/master [3ms]
2024-06-14 15:13:57.588 [info] > git status -z -uall [8ms]
2024-06-14 15:14:01.100 [info] No remotes found in the git config file.
2024-06-14 15:14:01.102 [info] > git config --get commit.template [20ms]
2024-06-14 15:14:01.103 [info] > git for-each-ref --format=%(refname)%00%(upstream:short)%00%(objectname)%00%(upstream:track)%00%(upstream:remotename)%00%(upstream:remoteref) refs/heads/master refs/remotes/master [4ms]
2024-06-14 15:14:01.128 [info] > git status -z -uall [8ms]
2024-06-14 15:14:06.179 [info] No remotes found in the git config file.
2024-06-14 15:14:06.180 [info] > git config --get commit.template [18ms]
2024-06-14 15:14:06.181 [info] > git for-each-ref --format=%(refname)%00%(upstream:short)%00%(objectname)%00%(upstream:track)%00%(upstream:remotename)%00%(upstream:remoteref) refs/heads/master refs/remotes/master [3ms]
2024-06-14 15:14:06.203 [info] > git status -z -uall [7ms]
2024-06-14 15:14:11.258 [info] No remotes found in the git config file.
2024-06-14 15:14:11.259 [info] > git config --get commit.template [18ms]
2024-06-14 15:14:11.260 [info] > git for-each-ref --format=%(refname)%00%(upstream:short)%00%(objectname)%00%(upstream:track)%00%(upstream:remotename)%00%(upstream:remoteref) refs/heads/master refs/remotes/master [3ms]
2024-06-14 15:14:11.284 [info] > git status -z -uall [9ms]
2024-06-14 15:14:39.289 [info] > git config --get commit.template [3ms]
2024-06-14 15:14:39.304 [info] No remotes found in the git config file.
2024-06-14 15:14:39.306 [info] > git for-each-ref --format=%(refname)%00%(upstream:short)%00%(objectname)%00%(upstream:track)%00%(upstream:remotename)%00%(upstream:remoteref) refs/heads/master refs/remotes/master [3ms]
2024-06-14 15:14:39.328 [info] > git status -z -uall [7ms]
