0 verbose cli /nix/store/5v37zmj4qynjy0r12iyn1w1cqpacys0c-nodejs-20.11.1/bin/node /usr/bin/npm
1 info using npm@10.2.4
2 info using node@v20.11.1
3 timing npm:load:whichnode Completed in 1ms
4 timing config:load:defaults Completed in 3ms
5 timing config:load:file:/nix/store/5v37zmj4qynjy0r12iyn1w1cqpacys0c-nodejs-20.11.1/lib/node_modules/npm/npmrc Completed in 1ms
6 timing config:load:builtin Completed in 1ms
7 timing config:load:cli Completed in 5ms
8 timing config:load:env Completed in 1ms
9 timing config:load:file:/home/user/.cache/typescript/5.2/.npmrc Completed in 1ms
10 timing config:load:project Completed in 2ms
11 timing config:load:file:/home/user/.npmrc Completed in 0ms
12 timing config:load:user Completed in 0ms
13 timing config:load:file:/google/idx/.npmrc Completed in 0ms
14 timing config:load:global Completed in 1ms
15 timing config:load:setEnvs Completed in 1ms
16 timing config:load Completed in 14ms
17 timing npm:load:configload Completed in 14ms
18 timing config:load:flatten Completed in 5ms
19 timing npm:load:mkdirpcache Completed in 29ms
20 timing npm:load:mkdirplogs Completed in 0ms
21 verbose title npm install @types/markdown-it@ts5.2
22 verbose argv "install" "--ignore-scripts" "@types/markdown-it@ts5.2" "--save-dev" "--user-agent" "typesInstaller/5.2.2"
23 timing npm:load:setTitle Completed in 1ms
24 timing npm:load:display Completed in 1ms
25 verbose logfile logs-max:10 dir:/home/user/.npm/_logs/2024-06-14T15_11_53_036Z-
26 verbose logfile /home/user/.npm/_logs/2024-06-14T15_11_53_036Z-debug-0.log
27 timing npm:load:logFile Completed in 12ms
28 timing npm:load:timers Completed in 0ms
29 timing npm:load:configScope Completed in 0ms
30 timing npm:load Completed in 92ms
31 timing arborist:ctor Completed in 2ms
32 silly logfile done cleaning log files
33 timing idealTree:init Completed in 26ms
34 timing arborist:ctor Completed in 0ms
35 http fetch GET 200 https://registry.npmjs.org/@types%2fmarkdown-it 185ms (cache revalidated)
36 timing idealTree:userRequests Completed in 192ms
37 silly idealTree buildDeps
38 silly fetch manifest @types/markdown-it@14.1.1
39 silly placeDep ROOT @types/markdown-it@14.1.1 REPLACE for:  want: 14.1.1
40 timing idealTree:#root Completed in 9ms
41 timing idealTree:node_modules/@types/markdown-it Completed in 0ms
42 timing idealTree:buildDeps Completed in 11ms
43 timing idealTree:fixDepFlags Completed in 0ms
44 timing idealTree Completed in 232ms
45 timing reify:loadTrees Completed in 234ms
46 timing reify:diffTrees Completed in 2ms
47 silly reify moves {}
48 timing reify:retireShallow Completed in 2ms
49 timing reify:createSparse Completed in 0ms
50 timing reify:loadBundles Completed in 0ms
51 silly audit bulk request {
51 silly audit   '@types/linkify-it': [ '5.0.0' ],
51 silly audit   '@types/mdurl': [ '2.0.0' ],
51 silly audit   '@types/node': [ '20.14.2' ],
51 silly audit   'types-registry': [ '0.1.685' ],
51 silly audit   'undici-types': [ '5.26.5' ],
51 silly audit   '@types/markdown-it': [ '14.1.1' ]
51 silly audit }
52 timing reify:unpack Completed in 1ms
53 timing reify:unretire Completed in 0ms
54 timing build:queue Completed in 0ms
55 timing build:deps Completed in 1ms
56 timing build Completed in 1ms
57 timing reify:build Completed in 1ms
58 timing reify:trash Completed in 0ms
59 timing reify:save Completed in 10ms
60 http fetch POST 200 https://registry.npmjs.org/-/npm/v1/security/advisories/bulk 167ms
61 timing auditReport:getReport Completed in 170ms
62 silly audit report {}
63 timing auditReport:init Completed in 0ms
64 timing reify:audit Completed in 171ms
65 timing reify Completed in 421ms
66 timing command:install Completed in 430ms
67 verbose exit 0
68 timing npm Completed in 762ms
69 info ok
