0 verbose cli /nix/store/5v37zmj4qynjy0r12iyn1w1cqpacys0c-nodejs-20.11.1/bin/node /usr/bin/npm
1 info using npm@10.2.4
2 info using node@v20.11.1
3 timing npm:load:whichnode Completed in 1ms
4 timing config:load:defaults Completed in 4ms
5 timing config:load:file:/nix/store/5v37zmj4qynjy0r12iyn1w1cqpacys0c-nodejs-20.11.1/lib/node_modules/npm/npmrc Completed in 1ms
6 timing config:load:builtin Completed in 1ms
7 timing config:load:cli Completed in 4ms
8 timing config:load:env Completed in 1ms
9 timing config:load:file:/home/user/ai/.npmrc Completed in 0ms
10 timing config:load:project Completed in 2ms
11 timing config:load:file:/home/user/.npmrc Completed in 0ms
12 timing config:load:user Completed in 0ms
13 timing config:load:file:/google/idx/.npmrc Completed in 1ms
14 timing config:load:global Completed in 1ms
15 timing config:load:setEnvs Completed in 1ms
16 timing config:load Completed in 14ms
17 timing npm:load:configload Completed in 15ms
18 timing config:load:flatten Completed in 3ms
19 timing npm:load:mkdirpcache Completed in 1ms
20 timing npm:load:mkdirplogs Completed in 1ms
21 verbose title npm install
22 verbose argv "install"
23 timing npm:load:setTitle Completed in 1ms
24 timing npm:load:display Completed in 1ms
25 verbose logfile logs-max:10 dir:/home/user/.npm/_logs/2024-06-14T14_41_32_469Z-
26 verbose logfile /home/user/.npm/_logs/2024-06-14T14_41_32_469Z-debug-0.log
27 timing npm:load:logFile Completed in 13ms
28 timing npm:load:timers Completed in 0ms
29 timing npm:load:configScope Completed in 0ms
30 timing npm:load Completed in 96ms
31 timing arborist:ctor Completed in 2ms
32 silly logfile done cleaning log files
33 timing idealTree:init Completed in 54ms
34 timing idealTree:userRequests Completed in 0ms
35 silly idealTree buildDeps
36 timing idealTree:#root Completed in 0ms
37 timing idealTree:buildDeps Completed in 2ms
38 timing idealTree:fixDepFlags Completed in 0ms
39 timing idealTree Completed in 59ms
40 timing reify:loadTrees Completed in 74ms
41 timing reify:diffTrees Completed in 2ms
42 silly reify moves {}
43 timing reify:retireShallow Completed in 1ms
44 timing reify:createSparse Completed in 7ms
45 timing reify:loadBundles Completed in 0ms
46 silly audit bulk request {
46 silly audit   '@esbuild/android-arm': [ '0.18.20' ],
46 silly audit   '@esbuild/android-arm64': [ '0.18.20' ],
46 silly audit   '@esbuild/android-x64': [ '0.18.20' ],
46 silly audit   '@esbuild/darwin-arm64': [ '0.18.20' ],
46 silly audit   '@esbuild/darwin-x64': [ '0.18.20' ],
46 silly audit   '@esbuild/freebsd-arm64': [ '0.18.20' ],
46 silly audit   '@esbuild/freebsd-x64': [ '0.18.20' ],
46 silly audit   '@esbuild/linux-arm': [ '0.18.20' ],
46 silly audit   '@esbuild/linux-arm64': [ '0.18.20' ],
46 silly audit   '@esbuild/linux-ia32': [ '0.18.20' ],
46 silly audit   '@esbuild/linux-loong64': [ '0.18.20' ],
46 silly audit   '@esbuild/linux-mips64el': [ '0.18.20' ],
46 silly audit   '@esbuild/linux-ppc64': [ '0.18.20' ],
46 silly audit   '@esbuild/linux-riscv64': [ '0.18.20' ],
46 silly audit   '@esbuild/linux-s390x': [ '0.18.20' ],
46 silly audit   '@esbuild/linux-x64': [ '0.18.20' ],
46 silly audit   '@esbuild/netbsd-x64': [ '0.18.20' ],
46 silly audit   '@esbuild/openbsd-x64': [ '0.18.20' ],
46 silly audit   '@esbuild/sunos-x64': [ '0.18.20' ],
46 silly audit   '@esbuild/win32-arm64': [ '0.18.20' ],
46 silly audit   '@esbuild/win32-ia32': [ '0.18.20' ],
46 silly audit   '@esbuild/win32-x64': [ '0.18.20' ],
46 silly audit   '@google/generative-ai': [ '0.1.3' ],
46 silly audit   argparse: [ '2.0.1' ],
46 silly audit   'base64-js': [ '1.5.1' ],
46 silly audit   entities: [ '3.0.1' ],
46 silly audit   esbuild: [ '0.18.20' ],
46 silly audit   fsevents: [ '2.3.3' ],
46 silly audit   'linkify-it': [ '4.0.1' ],
46 silly audit   'markdown-it': [ '13.0.2' ],
46 silly audit   mdurl: [ '1.0.1' ],
46 silly audit   nanoid: [ '3.3.7' ],
46 silly audit   picocolors: [ '1.0.1' ],
46 silly audit   postcss: [ '8.4.38' ],
46 silly audit   rollup: [ '3.29.4' ],
46 silly audit   'source-map-js': [ '1.2.0' ],
46 silly audit   'uc.micro': [ '1.0.6' ],
46 silly audit   vite: [ '4.5.3' ]
46 silly audit }
47 verbose reify failed optional dependency /home/user/ai/node_modules/fsevents
48 silly reify mark deleted [ '/home/user/ai/node_modules/fsevents' ]
49 verbose reify failed optional dependency /home/user/ai/node_modules/@esbuild/win32-x64
50 silly reify mark deleted [ '/home/user/ai/node_modules/@esbuild/win32-x64' ]
51 verbose reify failed optional dependency /home/user/ai/node_modules/@esbuild/win32-ia32
52 silly reify mark deleted [ '/home/user/ai/node_modules/@esbuild/win32-ia32' ]
53 verbose reify failed optional dependency /home/user/ai/node_modules/@esbuild/win32-arm64
54 silly reify mark deleted [ '/home/user/ai/node_modules/@esbuild/win32-arm64' ]
55 verbose reify failed optional dependency /home/user/ai/node_modules/@esbuild/sunos-x64
56 silly reify mark deleted [ '/home/user/ai/node_modules/@esbuild/sunos-x64' ]
57 verbose reify failed optional dependency /home/user/ai/node_modules/@esbuild/openbsd-x64
58 silly reify mark deleted [ '/home/user/ai/node_modules/@esbuild/openbsd-x64' ]
59 verbose reify failed optional dependency /home/user/ai/node_modules/@esbuild/netbsd-x64
60 silly reify mark deleted [ '/home/user/ai/node_modules/@esbuild/netbsd-x64' ]
61 verbose reify failed optional dependency /home/user/ai/node_modules/@esbuild/linux-s390x
62 silly reify mark deleted [ '/home/user/ai/node_modules/@esbuild/linux-s390x' ]
63 verbose reify failed optional dependency /home/user/ai/node_modules/@esbuild/linux-riscv64
64 silly reify mark deleted [ '/home/user/ai/node_modules/@esbuild/linux-riscv64' ]
65 verbose reify failed optional dependency /home/user/ai/node_modules/@esbuild/linux-ppc64
66 silly reify mark deleted [ '/home/user/ai/node_modules/@esbuild/linux-ppc64' ]
67 verbose reify failed optional dependency /home/user/ai/node_modules/@esbuild/linux-mips64el
68 silly reify mark deleted [ '/home/user/ai/node_modules/@esbuild/linux-mips64el' ]
69 verbose reify failed optional dependency /home/user/ai/node_modules/@esbuild/linux-loong64
70 silly reify mark deleted [ '/home/user/ai/node_modules/@esbuild/linux-loong64' ]
71 verbose reify failed optional dependency /home/user/ai/node_modules/@esbuild/linux-ia32
72 silly reify mark deleted [ '/home/user/ai/node_modules/@esbuild/linux-ia32' ]
73 verbose reify failed optional dependency /home/user/ai/node_modules/@esbuild/linux-arm64
74 silly reify mark deleted [ '/home/user/ai/node_modules/@esbuild/linux-arm64' ]
75 verbose reify failed optional dependency /home/user/ai/node_modules/@esbuild/linux-arm
76 silly reify mark deleted [ '/home/user/ai/node_modules/@esbuild/linux-arm' ]
77 verbose reify failed optional dependency /home/user/ai/node_modules/@esbuild/freebsd-x64
78 silly reify mark deleted [ '/home/user/ai/node_modules/@esbuild/freebsd-x64' ]
79 verbose reify failed optional dependency /home/user/ai/node_modules/@esbuild/freebsd-arm64
80 silly reify mark deleted [ '/home/user/ai/node_modules/@esbuild/freebsd-arm64' ]
81 verbose reify failed optional dependency /home/user/ai/node_modules/@esbuild/darwin-x64
82 silly reify mark deleted [ '/home/user/ai/node_modules/@esbuild/darwin-x64' ]
83 verbose reify failed optional dependency /home/user/ai/node_modules/@esbuild/darwin-arm64
84 silly reify mark deleted [ '/home/user/ai/node_modules/@esbuild/darwin-arm64' ]
85 verbose reify failed optional dependency /home/user/ai/node_modules/@esbuild/android-x64
86 silly reify mark deleted [ '/home/user/ai/node_modules/@esbuild/android-x64' ]
87 verbose reify failed optional dependency /home/user/ai/node_modules/@esbuild/android-arm64
88 silly reify mark deleted [ '/home/user/ai/node_modules/@esbuild/android-arm64' ]
89 verbose reify failed optional dependency /home/user/ai/node_modules/@esbuild/android-arm
90 silly reify mark deleted [ '/home/user/ai/node_modules/@esbuild/android-arm' ]
91 timing reifyNode:node_modules/fsevents Completed in 22ms
92 timing reifyNode:node_modules/@esbuild/win32-x64 Completed in 21ms
93 timing reifyNode:node_modules/@esbuild/win32-ia32 Completed in 21ms
94 timing reifyNode:node_modules/@esbuild/win32-arm64 Completed in 21ms
95 timing reifyNode:node_modules/@esbuild/sunos-x64 Completed in 21ms
96 timing reifyNode:node_modules/@esbuild/openbsd-x64 Completed in 21ms
97 timing reifyNode:node_modules/@esbuild/netbsd-x64 Completed in 21ms
98 timing reifyNode:node_modules/@esbuild/linux-s390x Completed in 21ms
99 timing reifyNode:node_modules/@esbuild/linux-riscv64 Completed in 22ms
100 timing reifyNode:node_modules/@esbuild/linux-ppc64 Completed in 22ms
101 timing reifyNode:node_modules/@esbuild/linux-mips64el Completed in 22ms
102 timing reifyNode:node_modules/@esbuild/linux-loong64 Completed in 22ms
103 timing reifyNode:node_modules/@esbuild/linux-ia32 Completed in 22ms
104 timing reifyNode:node_modules/@esbuild/linux-arm64 Completed in 22ms
105 timing reifyNode:node_modules/@esbuild/linux-arm Completed in 21ms
106 timing reifyNode:node_modules/@esbuild/freebsd-x64 Completed in 21ms
107 timing reifyNode:node_modules/@esbuild/freebsd-arm64 Completed in 21ms
108 timing reifyNode:node_modules/@esbuild/darwin-x64 Completed in 22ms
109 timing reifyNode:node_modules/@esbuild/darwin-arm64 Completed in 22ms
110 timing reifyNode:node_modules/@esbuild/android-x64 Completed in 22ms
111 timing reifyNode:node_modules/@esbuild/android-arm64 Completed in 22ms
112 timing reifyNode:node_modules/@esbuild/android-arm Completed in 22ms
113 silly tarball no local data for vite@https://registry.npmjs.org/vite/-/vite-4.5.3.tgz. Extracting by manifest.
114 silly tarball no local data for uc.micro@https://registry.npmjs.org/uc.micro/-/uc.micro-1.0.6.tgz. Extracting by manifest.
115 silly tarball no local data for source-map-js@https://registry.npmjs.org/source-map-js/-/source-map-js-1.2.0.tgz. Extracting by manifest.
116 silly tarball no local data for rollup@https://registry.npmjs.org/rollup/-/rollup-3.29.4.tgz. Extracting by manifest.
117 silly tarball no local data for postcss@https://registry.npmjs.org/postcss/-/postcss-8.4.38.tgz. Extracting by manifest.
118 silly tarball no local data for picocolors@https://registry.npmjs.org/picocolors/-/picocolors-1.0.1.tgz. Extracting by manifest.
119 silly tarball no local data for nanoid@https://registry.npmjs.org/nanoid/-/nanoid-3.3.7.tgz. Extracting by manifest.
120 silly tarball no local data for mdurl@https://registry.npmjs.org/mdurl/-/mdurl-1.0.1.tgz. Extracting by manifest.
121 silly tarball no local data for linkify-it@https://registry.npmjs.org/linkify-it/-/linkify-it-4.0.1.tgz. Extracting by manifest.
122 silly tarball no local data for markdown-it@https://registry.npmjs.org/markdown-it/-/markdown-it-13.0.2.tgz. Extracting by manifest.
123 silly tarball no local data for esbuild@https://registry.npmjs.org/esbuild/-/esbuild-0.18.20.tgz. Extracting by manifest.
124 silly tarball no local data for entities@https://registry.npmjs.org/entities/-/entities-3.0.1.tgz. Extracting by manifest.
125 silly tarball no local data for base64-js@https://registry.npmjs.org/base64-js/-/base64-js-1.5.1.tgz. Extracting by manifest.
126 silly tarball no local data for argparse@https://registry.npmjs.org/argparse/-/argparse-2.0.1.tgz. Extracting by manifest.
127 silly tarball no local data for @google/generative-ai@https://registry.npmjs.org/@google/generative-ai/-/generative-ai-0.1.3.tgz. Extracting by manifest.
128 silly tarball no local data for @esbuild/linux-x64@https://registry.npmjs.org/@esbuild/linux-x64/-/linux-x64-0.18.20.tgz. Extracting by manifest.
129 http fetch POST 200 https://registry.npmjs.org/-/npm/v1/security/advisories/bulk 458ms
130 timing auditReport:getReport Completed in 464ms
131 silly audit report {}
132 timing auditReport:init Completed in 0ms
133 timing reify:audit Completed in 465ms
134 http fetch GET 200 https://registry.npmjs.org/picocolors/-/picocolors-1.0.1.tgz 677ms (cache miss)
135 timing reifyNode:node_modules/picocolors Completed in 755ms
136 http fetch GET 200 https://registry.npmjs.org/base64-js/-/base64-js-1.5.1.tgz 676ms (cache miss)
137 timing reifyNode:node_modules/base64-js Completed in 760ms
138 http fetch GET 200 https://registry.npmjs.org/mdurl/-/mdurl-1.0.1.tgz 686ms (cache miss)
139 timing reifyNode:node_modules/mdurl Completed in 766ms
140 http fetch GET 200 https://registry.npmjs.org/uc.micro/-/uc.micro-1.0.6.tgz 694ms (cache miss)
141 http fetch GET 200 https://registry.npmjs.org/linkify-it/-/linkify-it-4.0.1.tgz 692ms (cache miss)
142 timing reifyNode:node_modules/linkify-it Completed in 774ms
143 timing reifyNode:node_modules/uc.micro Completed in 781ms
144 http fetch GET 200 https://registry.npmjs.org/nanoid/-/nanoid-3.3.7.tgz 726ms (cache miss)
145 timing reifyNode:node_modules/nanoid Completed in 806ms
146 http fetch GET 200 https://registry.npmjs.org/esbuild/-/esbuild-0.18.20.tgz 772ms (cache miss)
147 timing reifyNode:node_modules/esbuild Completed in 855ms
148 http fetch GET 200 https://registry.npmjs.org/argparse/-/argparse-2.0.1.tgz 785ms (cache miss)
149 timing reifyNode:node_modules/argparse Completed in 870ms
150 http fetch GET 200 https://registry.npmjs.org/source-map-js/-/source-map-js-1.2.0.tgz 813ms (cache miss)
151 timing reifyNode:node_modules/source-map-js Completed in 890ms
152 http fetch GET 200 https://registry.npmjs.org/entities/-/entities-3.0.1.tgz 878ms (cache miss)
153 timing reifyNode:node_modules/entities Completed in 961ms
154 http fetch GET 200 https://registry.npmjs.org/@google/generative-ai/-/generative-ai-0.1.3.tgz 936ms (cache miss)
155 timing reifyNode:node_modules/@google/generative-ai Completed in 1023ms
156 http fetch GET 200 https://registry.npmjs.org/postcss/-/postcss-8.4.38.tgz 985ms (cache miss)
157 timing reifyNode:node_modules/postcss Completed in 1062ms
158 http fetch GET 200 https://registry.npmjs.org/markdown-it/-/markdown-it-13.0.2.tgz 1120ms (cache miss)
159 timing reifyNode:node_modules/markdown-it Completed in 1203ms
160 http fetch GET 200 https://registry.npmjs.org/npm 1460ms (cache miss)
161 http fetch GET 200 https://registry.npmjs.org/rollup/-/rollup-3.29.4.tgz 1404ms (cache miss)
162 timing reifyNode:node_modules/rollup Completed in 1494ms
163 http fetch GET 200 https://registry.npmjs.org/vite/-/vite-4.5.3.tgz 1432ms (cache miss)
164 timing reifyNode:node_modules/vite Completed in 1507ms
165 http fetch GET 200 https://registry.npmjs.org/@esbuild/linux-x64/-/linux-x64-0.18.20.tgz 1648ms (cache miss)
166 timing reifyNode:node_modules/@esbuild/linux-x64 Completed in 1735ms
167 timing reify:unpack Completed in 1737ms
168 timing reify:unretire Completed in 0ms
169 timing build:queue Completed in 4ms
170 timing build:link:node_modules/esbuild Completed in 5ms
171 timing build:link:node_modules/markdown-it Completed in 4ms
172 timing build:link:node_modules/nanoid Completed in 3ms
173 timing build:link:node_modules/rollup Completed in 3ms
174 timing build:link:node_modules/vite Completed in 3ms
175 timing build:link Completed in 5ms
176 info run esbuild@0.18.20 postinstall node_modules/esbuild node install.js
177 info run esbuild@0.18.20 postinstall { code: 0, signal: null }
178 timing build:run:postinstall:node_modules/esbuild Completed in 153ms
179 timing build:run:postinstall Completed in 154ms
180 timing build:deps Completed in 163ms
181 timing build Completed in 164ms
182 timing reify:build Completed in 164ms
183 timing reify:trash Completed in 4ms
184 timing reify:save Completed in 21ms
185 timing reify Completed in 2181ms
186 silly ADD node_modules/vite
187 silly ADD node_modules/uc.micro
188 silly ADD node_modules/source-map-js
189 silly ADD node_modules/rollup
190 silly ADD node_modules/postcss
191 silly ADD node_modules/picocolors
192 silly ADD node_modules/nanoid
193 silly ADD node_modules/mdurl
194 silly ADD node_modules/markdown-it
195 silly ADD node_modules/linkify-it
196 silly ADD
197 silly ADD node_modules/esbuild
198 silly ADD node_modules/entities
199 silly ADD node_modules/base64-js
200 silly ADD node_modules/argparse
201 silly ADD node_modules/@google/generative-ai
202 silly ADD
203 silly ADD
204 silly ADD
205 silly ADD
206 silly ADD
207 silly ADD
208 silly ADD node_modules/@esbuild/linux-x64
209 silly ADD
210 silly ADD
211 silly ADD
212 silly ADD
213 silly ADD
214 silly ADD
215 silly ADD
216 silly ADD
217 silly ADD
218 silly ADD
219 silly ADD
220 silly ADD
221 silly ADD
222 silly ADD
223 silly ADD
224 timing command:install Completed in 2207ms
225 notice
225 notice New [33mminor[39m version of npm available! [31m10.2.4[39m -> [32m10.8.1[39m
225 notice Changelog: [36mhttps://github.com/npm/cli/releases/tag/v10.8.1[39m
225 notice Run [32mnpm install -g npm@10.8.1[39m to update!
225 notice
226 verbose exit 0
227 timing npm Completed in 2935ms
228 info ok
