0 verbose cli /nix/store/5v37zmj4qynjy0r12iyn1w1cqpacys0c-nodejs-20.11.1/bin/node /usr/bin/npm
1 info using npm@10.2.4
2 info using node@v20.11.1
3 timing npm:load:whichnode Completed in 12ms
4 timing config:load:defaults Completed in 2ms
5 timing config:load:file:/nix/store/5v37zmj4qynjy0r12iyn1w1cqpacys0c-nodejs-20.11.1/lib/node_modules/npm/npmrc Completed in 1ms
6 timing config:load:builtin Completed in 1ms
7 timing config:load:cli Completed in 5ms
8 timing config:load:env Completed in 1ms
9 timing config:load:file:/home/user/.cache/typescript/5.2/.npmrc Completed in 0ms
10 timing config:load:project Completed in 1ms
11 timing config:load:file:/home/user/.npmrc Completed in 0ms
12 timing config:load:user Completed in 0ms
13 timing config:load:file:/google/idx/.npmrc Completed in 0ms
14 timing config:load:global Completed in 0ms
15 timing config:load:setEnvs Completed in 1ms
16 timing config:load Completed in 13ms
17 timing npm:load:configload Completed in 14ms
18 timing config:load:flatten Completed in 4ms
19 timing npm:load:mkdirpcache Completed in 11ms
20 timing npm:load:mkdirplogs Completed in 22ms
21 verbose title npm install @types/markdown-it@ts5.2
22 verbose argv "install" "--ignore-scripts" "@types/markdown-it@ts5.2" "--save-dev" "--user-agent" "typesInstaller/5.2.2"
23 timing npm:load:setTitle Completed in 1ms
24 timing npm:load:display Completed in 2ms
25 verbose logfile logs-max:10 dir:/home/user/.npm/_logs/2024-06-14T14_45_25_020Z-
26 verbose logfile /home/user/.npm/_logs/2024-06-14T14_45_25_020Z-debug-0.log
27 timing npm:load:logFile Completed in 11ms
28 timing npm:load:timers Completed in 0ms
29 timing npm:load:configScope Completed in 0ms
30 timing npm:load Completed in 100ms
31 timing arborist:ctor Completed in 2ms
32 silly logfile done cleaning log files
33 timing idealTree:init Completed in 27ms
34 timing arborist:ctor Completed in 0ms
35 http fetch GET 200 https://registry.npmjs.org/@types%2fmarkdown-it 160ms (cache miss)
36 timing idealTree:userRequests Completed in 167ms
37 silly idealTree buildDeps
38 silly fetch manifest @types/markdown-it@14.1.1
39 silly placeDep ROOT @types/markdown-it@14.1.1 OK for:  want: 14.1.1
40 silly fetch manifest @types/linkify-it@^5
41 silly fetch manifest @types/mdurl@^2
42 http fetch GET 200 https://registry.npmjs.org/@types%2flinkify-it 40ms (cache miss)
43 http fetch GET 200 https://registry.npmjs.org/@types%2fmdurl 71ms (cache miss)
44 timing idealTree:#root Completed in 82ms
45 silly placeDep ROOT @types/linkify-it@5.0.0 OK for: @types/markdown-it@14.1.1 want: ^5
46 silly placeDep ROOT @types/mdurl@2.0.0 OK for: @types/markdown-it@14.1.1 want: ^2
47 timing idealTree:node_modules/@types/markdown-it Completed in 7ms
48 timing idealTree:node_modules/@types/linkify-it Completed in 0ms
49 timing idealTree:node_modules/@types/mdurl Completed in 0ms
50 timing idealTree:buildDeps Completed in 90ms
51 timing idealTree:fixDepFlags Completed in 0ms
52 timing idealTree Completed in 287ms
53 timing reify:loadTrees Completed in 289ms
54 timing reify:diffTrees Completed in 1ms
55 silly reify moves {}
56 timing reify:retireShallow Completed in 2ms
57 timing reify:createSparse Completed in 1ms
58 timing reify:loadBundles Completed in 0ms
59 silly audit bulk request {
59 silly audit   'types-registry': [ '0.1.685' ],
59 silly audit   '@types/markdown-it': [ '14.1.1' ],
59 silly audit   '@types/linkify-it': [ '5.0.0' ],
59 silly audit   '@types/mdurl': [ '2.0.0' ]
59 silly audit }
60 silly tarball no local data for @types/mdurl@https://registry.npmjs.org/@types/mdurl/-/mdurl-2.0.0.tgz. Extracting by manifest.
61 silly tarball no local data for @types/linkify-it@https://registry.npmjs.org/@types/linkify-it/-/linkify-it-5.0.0.tgz. Extracting by manifest.
62 silly tarball no local data for @types/markdown-it@https://registry.npmjs.org/@types/markdown-it/-/markdown-it-14.1.1.tgz. Extracting by manifest.
63 http fetch GET 200 https://registry.npmjs.org/@types/mdurl/-/mdurl-2.0.0.tgz 79ms (cache miss)
64 timing reifyNode:node_modules/@types/mdurl Completed in 91ms
65 http fetch GET 200 https://registry.npmjs.org/@types/linkify-it/-/linkify-it-5.0.0.tgz 93ms (cache miss)
66 timing reifyNode:node_modules/@types/linkify-it Completed in 107ms
67 http fetch GET 200 https://registry.npmjs.org/@types/markdown-it/-/markdown-it-14.1.1.tgz 122ms (cache miss)
68 timing reifyNode:node_modules/@types/markdown-it Completed in 139ms
69 timing reify:unpack Completed in 141ms
70 timing reify:unretire Completed in 0ms
71 timing build:queue Completed in 0ms
72 timing build:deps Completed in 1ms
73 timing build Completed in 2ms
74 timing reify:build Completed in 2ms
75 timing reify:trash Completed in 0ms
76 timing reify:save Completed in 9ms
77 http fetch POST 200 https://registry.npmjs.org/-/npm/v1/security/advisories/bulk 168ms
78 timing auditReport:getReport Completed in 171ms
79 silly audit report {}
80 timing auditReport:init Completed in 0ms
81 timing reify:audit Completed in 171ms
82 timing reify Completed in 492ms
83 silly ADD node_modules/@types/mdurl
84 silly ADD node_modules/@types/linkify-it
85 silly ADD node_modules/@types/markdown-it
86 timing command:install Completed in 502ms
87 verbose exit 0
88 timing npm Completed in 826ms
89 info ok
