2024-06-14 14:45:04.019 [info] Log level: Info
2024-06-14 14:45:04.019 [info] Validating found git in: "git"
2024-06-14 14:45:04.019 [info] Using git "2.42.2" from "git"
2024-06-14 14:45:04.019 [info] > git rev-parse --show-toplevel [3ms]
2024-06-14 14:45:04.019 [info] fatal: not a git repository (or any parent up to mount point /)
Stopping at filesystem boundary (GIT_DISCOVERY_ACROSS_FILESYSTEM not set).
2024-06-14 14:45:04.019 [info] > git rev-parse --show-toplevel [3ms]
2024-06-14 14:45:04.019 [info] fatal: not a git repository (or any parent up to mount point /)
Stopping at filesystem boundary (GIT_DISCOVERY_ACROSS_FILESYSTEM not set).
2024-06-14 14:45:04.019 [info] > git rev-parse --show-toplevel [2ms]
2024-06-14 14:45:04.019 [info] fatal: not a git repository (or any parent up to mount point /)
Stopping at filesystem boundary (GIT_DISCOVERY_ACROSS_FILESYSTEM not set).
2024-06-14 14:45:04.019 [info] > git rev-parse --show-toplevel [3ms]
2024-06-14 14:45:04.019 [info] fatal: not a git repository (or any parent up to mount point /)
Stopping at filesystem boundary (GIT_DISCOVERY_ACROSS_FILESYSTEM not set).
2024-06-14 14:45:16.558 [info] > git rev-parse --show-toplevel [6ms]
2024-06-14 14:45:16.558 [info] fatal: not a git repository (or any parent up to mount point /)
Stopping at filesystem boundary (GIT_DISCOVERY_ACROSS_FILESYSTEM not set).
2024-06-14 14:45:17.255 [info] > git rev-parse --show-toplevel [2ms]
2024-06-14 14:45:17.255 [info] fatal: not a git repository (or any parent up to mount point /)
Stopping at filesystem boundary (GIT_DISCOVERY_ACROSS_FILESYSTEM not set).
2024-06-14 14:45:51.437 [info] > git rev-parse --show-toplevel [30ms]
2024-06-14 14:45:51.437 [info] fatal: not a git repository (or any parent up to mount point /)
Stopping at filesystem boundary (GIT_DISCOVERY_ACROSS_FILESYSTEM not set).
2024-06-14 14:48:28.580 [info] > git rev-parse --show-toplevel [14ms]
2024-06-14 14:48:28.581 [info] fatal: not a git repository (or any parent up to mount point /)
Stopping at filesystem boundary (GIT_DISCOVERY_ACROSS_FILESYSTEM not set).
2024-06-14 14:49:07.987 [info] > git rev-parse --show-toplevel [2ms]
2024-06-14 14:49:07.987 [info] fatal: not a git repository (or any parent up to mount point /)
Stopping at filesystem boundary (GIT_DISCOVERY_ACROSS_FILESYSTEM not set).
2024-06-14 14:49:17.270 [info] > git rev-parse --show-toplevel [5ms]
2024-06-14 14:49:17.270 [info] fatal: not a git repository (or any parent up to mount point /)
Stopping at filesystem boundary (GIT_DISCOVERY_ACROSS_FILESYSTEM not set).
2024-06-14 14:49:17.768 [info] > git rev-parse --show-toplevel [5ms]
2024-06-14 14:49:17.768 [info] fatal: not a git repository (or any parent up to mount point /)
Stopping at filesystem boundary (GIT_DISCOVERY_ACROSS_FILESYSTEM not set).
2024-06-14 14:49:18.884 [info] > git rev-parse --show-toplevel [5ms]
2024-06-14 14:49:18.884 [info] fatal: not a git repository (or any parent up to mount point /)
Stopping at filesystem boundary (GIT_DISCOVERY_ACROSS_FILESYSTEM not set).
2024-06-14 14:49:24.350 [info] > git rev-parse --show-toplevel [4ms]
2024-06-14 14:49:24.350 [info] fatal: not a git repository (or any parent up to mount point /)
Stopping at filesystem boundary (GIT_DISCOVERY_ACROSS_FILESYSTEM not set).
2024-06-14 14:49:33.156 [info] > git rev-parse --show-toplevel [3ms]
2024-06-14 14:49:33.156 [info] fatal: not a git repository (or any parent up to mount point /)
Stopping at filesystem boundary (GIT_DISCOVERY_ACROSS_FILESYSTEM not set).
2024-06-14 14:49:39.548 [info] > git rev-parse --show-toplevel [23ms]
2024-06-14 14:49:39.548 [info] fatal: not a git repository (or any parent up to mount point /)
Stopping at filesystem boundary (GIT_DISCOVERY_ACROSS_FILESYSTEM not set).
2024-06-14 14:49:47.605 [info] > git rev-parse --show-toplevel [3ms]
2024-06-14 14:49:47.605 [info] fatal: not a git repository (or any parent up to mount point /)
Stopping at filesystem boundary (GIT_DISCOVERY_ACROSS_FILESYSTEM not set).
