2024-06-14 15:03:53.624 [info] Extension host with pid 4801 started
2024-06-14 15:03:53.644 [info] Lock '/home/user/.codeoss-cloudworkstations/data/User/workspaceStorage/10a07537/vscode.lock': Lock acquired.
2024-06-14 15:03:53.937 [info] ExtensionService#_doActivateExtension vscode.git-base, startup: true, activationEvent: '*', root cause: vscode.git
2024-06-14 15:03:55.011 [error] No bundle location found for extension vscode.git-base
2024-06-14 15:03:55.021 [info] ExtensionService#_doActivateExtension vscode.git, startup: true, activationEvent: '*'
2024-06-14 15:03:55.022 [info] ExtensionService#_doActivateExtension vscode.github, startup: true, activationEvent: '*'
2024-06-14 15:03:56.120 [error] No bundle location found for extension vscode.github
2024-06-14 15:03:56.161 [warning] Using default string since no string found in i18n bundle that has the key: Log level: {0}
2024-06-14 15:03:56.760 [error] No bundle location found for extension vscode.git
2024-06-14 15:03:56.856 [warning] Using default string since no string found in i18n bundle that has the key: Log level: {0}
2024-06-14 15:03:56.866 [warning] Using default string since no string found in i18n bundle that has the key: Validating found git in: "{0}"
2024-06-14 15:03:56.881 [warning] Using default string since no string found in i18n bundle that has the key: Enables the following features: {0}
2024-06-14 15:03:56.881 [warning] Using default string since no string found in i18n bundle that has the key: Using git "{0}" from "{1}"
2024-06-14 15:03:56.899 [warning] Using default string since no string found in i18n bundle that has the key: Git History
2024-06-14 15:03:56.903 [warning] Using default string since no string found in i18n bundle that has the key: Copy vscode.dev Link
2024-06-14 15:03:56.903 [info] Eager extensions activated
2024-06-14 15:03:56.904 [info] ExtensionService#_doActivateExtension vscode.debug-auto-launch, startup: false, activationEvent: 'onStartupFinished'
2024-06-14 15:03:56.904 [info] ExtensionService#_doActivateExtension google.cloud-workstations, startup: false, activationEvent: 'onStartupFinished'
2024-06-14 15:03:56.905 [info] ExtensionService#_doActivateExtension vscode.merge-conflict, startup: false, activationEvent: 'onStartupFinished'
2024-06-14 15:03:56.906 [info] ExtensionService#_doActivateExtension google.monospace, startup: false, activationEvent: 'onStartupFinished'
2024-06-14 15:03:56.906 [info] ExtensionService#_doActivateExtension google.monospace-aida, startup: false, activationEvent: 'onStartupFinished'
2024-06-14 15:03:57.740 [error] No bundle location found for extension vscode.debug-auto-launch
2024-06-14 15:03:57.743 [warning] Using default string since no string found in i18n bundle that has the key: Auto Attach: Disabled
2024-06-14 15:03:57.743 [warning] Using default string since no string found in i18n bundle that has the key: Auto Attach: Always
2024-06-14 15:03:57.743 [warning] Using default string since no string found in i18n bundle that has the key: Auto Attach: Smart
2024-06-14 15:03:57.743 [warning] Using default string since no string found in i18n bundle that has the key: Auto Attach: With Flag
2024-06-14 15:03:57.743 [warning] Using default string since no string found in i18n bundle that has the key: Disabled
2024-06-14 15:03:57.743 [warning] Using default string since no string found in i18n bundle that has the key: Always
2024-06-14 15:03:57.743 [warning] Using default string since no string found in i18n bundle that has the key: Smart
2024-06-14 15:03:57.743 [warning] Using default string since no string found in i18n bundle that has the key: Only With Flag
2024-06-14 15:03:57.743 [warning] Using default string since no string found in i18n bundle that has the key: Auto attach is disabled and not shown in status bar
2024-06-14 15:03:57.743 [warning] Using default string since no string found in i18n bundle that has the key: Auto attach to every Node.js process launched in the terminal
2024-06-14 15:03:57.743 [warning] Using default string since no string found in i18n bundle that has the key: Auto attach when running scripts that aren't in a node_modules folder
2024-06-14 15:03:57.743 [warning] Using default string since no string found in i18n bundle that has the key: Only auto attach when the `--inspect` flag is given
2024-06-14 15:03:57.743 [warning] Using default string since no string found in i18n bundle that has the key: Toggle auto attach in this workspace
2024-06-14 15:03:57.743 [warning] Using default string since no string found in i18n bundle that has the key: Toggle auto attach on this machine
2024-06-14 15:03:57.743 [warning] Using default string since no string found in i18n bundle that has the key: Temporarily disable auto attach in this session
2024-06-14 15:03:57.743 [warning] Using default string since no string found in i18n bundle that has the key: Re-enable auto attach
2024-06-14 15:03:57.743 [warning] Using default string since no string found in i18n bundle that has the key: Auto Attach: Disabled
2024-06-14 15:03:57.981 [error] No bundle location found for extension google.monospace-aida
2024-06-14 15:03:57.981 [error] No bundle location found for extension vscode.merge-conflict
2024-06-14 15:03:58.130 [warning] Using default string since no string found in i18n bundle that has the key: (Current Change)
2024-06-14 15:03:58.131 [warning] Using default string since no string found in i18n bundle that has the key: (Incoming Change)
2024-06-14 15:03:58.133 [error] No bundle location found for extension google.cloud-workstations
2024-06-14 15:03:58.208 [error] No bundle location found for extension google.monospace
2024-06-14 15:04:05.304 [error] Error: Rpc timed out
	at Timeout.<anonymous> (/opt/code-oss/extensions/monospace/dist/extension.js:2:12897312)
	at listOnTimeout (node:internal/timers:569:17)
	at process.processTimers (node:internal/timers:512:7)
2024-06-14 15:04:05.375 [error] Error: Rpc timed out
	at Timeout.<anonymous> (/opt/code-oss/extensions/monospace/dist/extension.js:2:12897312)
	at listOnTimeout (node:internal/timers:569:17)
	at process.processTimers (node:internal/timers:512:7)
2024-06-14 15:04:06.524 [error] Error: Rpc timed out
	at Timeout.<anonymous> (/opt/code-oss/extensions/monospace/dist/extension.js:2:12894707)
	at listOnTimeout (node:internal/timers:569:17)
	at process.processTimers (node:internal/timers:512:7)
2024-06-14 15:04:06.606 [error] Error: Rpc timed out
	at Timeout.<anonymous> (/opt/code-oss/extensions/monospace/dist/extension.js:2:12894707)
	at listOnTimeout (node:internal/timers:569:17)
	at process.processTimers (node:internal/timers:512:7)
2024-06-14 15:04:09.198 [error] Error: Rpc timed out
	at Timeout.<anonymous> (/opt/code-oss/extensions/monospace/dist/extension.js:2:12894707)
	at listOnTimeout (node:internal/timers:569:17)
	at process.processTimers (node:internal/timers:512:7)
2024-06-14 15:04:14.142 [error] Error: Rpc timed out
	at Timeout.<anonymous> (/opt/code-oss/extensions/monospace/dist/extension.js:2:12894707)
	at listOnTimeout (node:internal/timers:569:17)
	at process.processTimers (node:internal/timers:512:7)
2024-06-14 15:04:19.158 [error] Error: Rpc timed out
	at Timeout.<anonymous> (/opt/code-oss/extensions/monospace/dist/extension.js:2:12894707)
	at listOnTimeout (node:internal/timers:569:17)
	at process.processTimers (node:internal/timers:512:7)
2024-06-14 15:04:20.856 [info] Extension host terminating: received terminate message from renderer
2024-06-14 15:04:20.857 [info] Lock '/home/user/.codeoss-cloudworkstations/data/User/workspaceStorage/10a07537/vscode.lock': Marking the lockfile as scheduled to be released in 6000 ms.
2024-06-14 15:04:20.873 [info] Extension host with pid 4801 exiting with code 0
