I[14:41:40.926] 238: nixd 1.2.3 started
I[14:41:40.933] 238: <-- initialize(0)
I[14:41:40.934] 238: --> reply:initialize(0)
I[14:41:40.937] 238: <-- initialized
I[14:41:40.937] 238: --> call workspace/configuration(1)
I[14:41:40.945] 238: <-- textDocument/didOpen
I[14:41:40.945] 238: --> notify textDocument/publishDiagnostics
I[14:41:40.948] 238: --> notify nixd/ipc/textDocument/didOpen
I[14:41:40.949] 238: --> notify nixd/ipc/eval
I[14:41:40.949] 238: <-- reply(1)
I[14:41:40.952] 238: --> notify nixd/ipc/textDocument/didOpen
I[14:41:40.952] 238: --> notify nixd/ipc/eval
I[14:41:40.953] 238: --> notify nixd/ipc/evalOptionSet
I[14:41:41.052] 254: nixd 1.2.3 started
I[14:41:41.069] 254: <-- nixd/ipc/textDocument/didOpen
I[14:41:41.070] 254: <-- nixd/ipc/eval
I[14:41:41.081] 256: nixd I[14:41:41.083] 254: --> notify nixd/ipc/diagnostic
I[14:41:41.084] 238: <-- nixd/ipc/diagnostic
I[14:41:41.084] 238: received diagnostic from worker: 2
1.2.3 started
I[14:41:41.091] 256: <-- nixd/ipc/textDocument/didOpen
I[14:41:41.092] 256: <-- nixd/ipc/eval
I[14:41:41.097] 256: --> notify nixd/ipc/diagnostic
I[14:41:41.098] 238: <-- nixd/ipc/diagnostic
I[14:41:41.098] 238: received diagnostic from worker: 2
I[14:41:41.103] 258: nixd 1.2.3 started
I[14:41:41.108] 258: <-- nixd/ipc/evalOptionSet
I[14:41:41.108] 258: evaluation on installable , requested depth: 0
I[14:41:42.545] 258: options are ready
I[14:44:36.209] 238: <-- textDocument/didClose
I[14:44:42.538] 238: <-- shutdown(1)
[Error - 2:44:42 PM] Connection to server got closed. Server will not be restarted.
[Error - 2:44:42 PM] Stopping server failed
  Message: Pending response rejected since connection got disposed
  Code: -32097 
